#
# A fatal error has been detected by the Java Runtime Environment:
#
#  EXCEPTION_ACCESS_VIOLATION (0xc0000005) at pc=0x00000000690b2f70, pid=2804, tid=10244
#
# JRE version: Java(TM) SE Runtime Environment (8.0_73-b02) (build 1.8.0_73-b02)
# Java VM: Java HotSpot(TM) 64-Bit Server VM (25.73-b02 mixed mode windows-amd64 compressed oops)
# Problematic frame:
# V  [jvm.dll+0x272f70]
#
# Failed to write core dump. Minidumps are not enabled by default on client versions of Windows
#
# If you would like to submit a bug report, please visit:
#   http://bugreport.java.com/bugreport/crash.jsp
#

---------------  T H R E A D  ---------------

Current thread (0x000000001a767800):  JavaThread "InputViewFeed" [_thread_in_vm, id=10244, stack(0x0000000028510000,0x0000000028610000)]

siginfo: ExceptionCode=0xc0000005, reading address 0x0000000027fceff8

Registers:
RAX=0x100c0f0f0e111110, RBX=0x000000001a767800, RCX=0x00000000d7be5a40, RDX=0x0000000027fceff8
RSP=0x000000002860eec0, RBP=0x0000000000000000, RSI=0x00000000000e1000, RDI=0x00000000d7b26ab8
R8 =0x0000000000017df0, R9 =0x00000000d7b26ac8, R10=0x0000000003e67632, R11=0x00000000d7b26ab8
R12=0x0000000027f10080, R13=0x0000000000000010, R14=0x0000000000000000, R15=0x000000001a767800
RIP=0x00000000690b2f70, EFLAGS=0x0000000000010206

Top of Stack: (sp=0x000000002860eec0)
0x000000002860eec0:   0000000000000001 0000000083caffa0
0x000000002860eed0:   0000000083caff78 0000000000000000
0x000000002860eee0:   000000002860f218 0000000069021f07
0x000000002860eef0:   00000000d7b26700 000000001a767800
0x000000002860ef00:   0000000000000000 000000002701f138
0x000000002860ef10:   000000030dae8109 0000000003e7f454
0x000000002860ef20:   0000000000000000 0000000003e676b0
0x000000002860ef30:   00000000d7b26ab8 00000000000e1000
0x000000002860ef40:   000000002860efa0 0000000000000010
0x000000002860ef50:   000000002860ef80 0000000000000010
0x000000002860ef60:   00000000000e1000 00000000837ca848
0x000000002860ef70:   0000000000000000 000000002701f138
0x000000002860ef80:   00000000d7b26ab8 000000001a767800
0x000000002860ef90:   0000000000000000 000000002701f138
0x000000002860efa0:   000000002860f218 0000000003e7a88c
0x000000002860efb0:   000000002860f010 0000000069284f77 

Instructions: (pc=0x00000000690b2f70)
0x00000000690b2f50:   ef 48 83 c4 28 c3 4a 8d 54 c1 f8 4b 8d 4c c1 f8
0x00000000690b2f60:   4d 85 c0 0f 84 9a 00 00 00 0f 1f 80 00 00 00 00
0x00000000690b2f70:   48 8b 02 48 83 e9 08 48 83 ea 08 49 ff c8 48 89
0x00000000690b2f80:   41 08 75 ec 48 83 c4 28 c3 a8 03 75 5a 49 c1 e8 


Register to memory mapping:

RAX=0x100c0f0f0e111110 is an unknown value
RBX=0x000000001a767800 is a thread
RCX=0x00000000d7be5a40 is an oop

[error occurred during error reporting (printing register info), id 0xc0000005]

Stack: [0x0000000028510000,0x0000000028610000],  sp=0x000000002860eec0,  free space=1019k
Native frames: (J=compiled Java code, j=interpreted, Vv=VM code, C=native code)

Java frames: (J=compiled Java code, j=interpreted, Vv=VM code)
J 2820  sun.misc.Unsafe.copyMemory(Ljava/lang/Object;JLjava/lang/Object;JJ)V (0 bytes) @ 0x0000000003e67632 [0x0000000003e675c0+0x72]
J 2832 C1 java.nio.Bits.copyToArray(JLjava/lang/Object;JJJ)V (68 bytes) @ 0x0000000003e7a88c [0x0000000003e7a700+0x18c]
J 2831 C1 java.nio.DirectByteBuffer.get([BII)Ljava/nio/ByteBuffer; (126 bytes) @ 0x0000000003e7cb74 [0x0000000003e7c7e0+0x394]
J 2830 C1 java.nio.HeapByteBuffer.put(Ljava/nio/ByteBuffer;)Ljava/nio/ByteBuffer; (167 bytes) @ 0x0000000003e7b6f4 [0x0000000003e7ae00+0x8f4]
j  gui.Controller$InputViewFeed.run()V+61
j  java.lang.Thread.run()V+11
v  ~StubRoutines::call_stub

---------------  P R O C E S S  ---------------

Java Threads: ( => current thread )
  0x000000001a768000 JavaThread "shutdown-hook-1" [_thread_blocked, id=6008, stack(0x0000000028810000,0x0000000028910000)]
=>0x000000001a767800 JavaThread "InputViewFeed" [_thread_in_vm, id=10244, stack(0x0000000028510000,0x0000000028610000)]
  0x000000001a766000 JavaThread "Thread-6" [_thread_in_Java, id=7308, stack(0x0000000028410000,0x0000000028510000)]
  0x000000001a766800 JavaThread "frames-refresher-[0]" daemon [_thread_blocked, id=8568, stack(0x0000000028310000,0x0000000028410000)]
  0x000000001a764800 JavaThread "webcam-lock-[USB2.0 VGA UVC WebCam 0]" daemon [_thread_blocked, id=1876, stack(0x0000000027040000,0x0000000027140000)]
  0x000000001a765000 JavaThread "webcam-discovery-service" daemon [_thread_blocked, id=4572, stack(0x0000000025cc0000,0x0000000025dc0000)]
  0x000000001a468000 JavaThread "atomic-processor-1" daemon [_thread_in_native, id=2432, stack(0x00000000238e0000,0x00000000239e0000)]
  0x000000001a2c3000 JavaThread "Prism Font Disposer" daemon [_thread_blocked, id=80, stack(0x0000000021000000,0x0000000021100000)]
  0x000000001a070800 JavaThread "Thread-3" daemon [_thread_in_native, id=9500, stack(0x000000001f1f0000,0x000000001f2f0000)]
  0x000000001a093000 JavaThread "JavaFX-Launcher" [_thread_blocked, id=9636, stack(0x000000001f2f0000,0x000000001f3f0000)]
  0x000000001a002800 JavaThread "JavaFX Application Thread" [_thread_blocked, id=2336, stack(0x000000001ab60000,0x000000001ac60000)]
  0x0000000019bf1800 JavaThread "Thread-1" daemon [_thread_blocked, id=1592, stack(0x000000001aa60000,0x000000001ab60000)]
  0x0000000019892000 JavaThread "Service Thread" daemon [_thread_blocked, id=10340, stack(0x0000000019e00000,0x0000000019f00000)]
  0x0000000019804800 JavaThread "C1 CompilerThread2" daemon [_thread_blocked, id=1256, stack(0x0000000019d00000,0x0000000019e00000)]
  0x00000000180fd800 JavaThread "C2 CompilerThread1" daemon [_thread_in_native, id=11068, stack(0x0000000019c00000,0x0000000019d00000)]
  0x00000000180fa800 JavaThread "C2 CompilerThread0" daemon [_thread_in_native, id=10188, stack(0x0000000019700000,0x0000000019800000)]
  0x00000000180f9000 JavaThread "Attach Listener" daemon [_thread_blocked, id=10004, stack(0x0000000019600000,0x0000000019700000)]
  0x00000000180af000 JavaThread "Signal Dispatcher" daemon [_thread_blocked, id=6056, stack(0x0000000019500000,0x0000000019600000)]
  0x0000000003646000 JavaThread "Finalizer" daemon [_thread_blocked, id=6496, stack(0x0000000019300000,0x0000000019400000)]
  0x000000000363d000 JavaThread "Reference Handler" daemon [_thread_blocked, id=2408, stack(0x0000000019200000,0x0000000019300000)]
  0x0000000003550800 JavaThread "main" [_thread_blocked, id=2300, stack(0x0000000003450000,0x0000000003550000)]

Other Threads:
  0x0000000018067800 VMThread [stack: 0x0000000019100000,0x0000000019200000] [id=10520]
  0x00000000198cf800 WatcherThread [stack: 0x0000000019f00000,0x000000001a000000] [id=10880]

VM state:not at safepoint (normal execution)

VM Mutex/Monitor currently owned by a thread: None

Heap:
 PSYoungGen      total 679936K, used 34279K [0x00000000d6600000, 0x0000000100000000, 0x0000000100000000)
  eden space 677888K, 4% used [0x00000000d6600000,0x00000000d86614e0,0x00000000ffc00000)
  from space 2048K, 54% used [0x00000000ffe00000,0x00000000fff19010,0x0000000100000000)
  to   space 2048K, 0% used [0x00000000ffc00000,0x00000000ffc00000,0x00000000ffe00000)
 ParOldGen       total 53760K, used 12405K [0x0000000083200000, 0x0000000086680000, 0x00000000d6600000)
  object space 53760K, 23% used [0x0000000083200000,0x0000000083e1d4b8,0x0000000086680000)
 Metaspace       used 20710K, capacity 21850K, committed 21888K, reserved 1069056K
  class space    used 2956K, capacity 3171K, committed 3200K, reserved 1048576K

Card table byte_map: [0x0000000012a10000,0x0000000012e00000] byte_map_base: 0x00000000125f7000

Marking Bits: (ParMarkBitMap*) 0x0000000069650600
 Begin Bits: [0x00000000134a0000, 0x00000000153d8000)
 End Bits:   [0x00000000153d8000, 0x0000000017310000)

Polling page: 0x0000000001430000

CodeCache: size=245760Kb used=8188Kb max_used=8936Kb free=237571Kb
 bounds [0x0000000003650000, 0x0000000003f20000, 0x0000000012650000]
 total_blobs=3477 nmethods=2771 adapters=617
 compilation: enabled

Compilation events (10 events):
Event: 15.614 Thread 0x0000000019804800 nmethod 3028 0x00000000037a2150 code [0x00000000037a22a0, 0x00000000037a2470]
Event: 15.615 Thread 0x0000000019804800 3029       3       java.util.concurrent.atomic.AtomicInteger::getAndIncrement (12 bytes)
Event: 15.615 Thread 0x0000000019804800 nmethod 3029 0x0000000003824ad0 code [0x0000000003824c20, 0x0000000003824d70]
Event: 15.615 Thread 0x00000000180fd800 3038       4       java.util.concurrent.locks.ReentrantLock::unlock (10 bytes)
Event: 15.615 Thread 0x0000000019804800 3030   !   3       java.util.concurrent.LinkedBlockingQueue::offer (130 bytes)
Event: 15.616 Thread 0x0000000019804800 nmethod 3030 0x00000000037bbf90 code [0x00000000037bc240, 0x00000000037bd828]
Event: 15.616 Thread 0x0000000019804800 3046   !   3       java.util.concurrent.LinkedBlockingQueue::take (93 bytes)
Event: 15.617 Thread 0x00000000180fd800 nmethod 3038 0x0000000003763d90 code [0x0000000003763ee0, 0x0000000003764048]
Event: 15.617 Thread 0x00000000180fd800 3048       4       java.lang.Thread::interrupted (8 bytes)
Event: 15.617 Thread 0x00000000180fd800 nmethod 3048 0x000000000376c950 code [0x000000000376caa0, 0x000000000376cb28]

GC Heap History (10 events):
Event: 15.240 GC heap before
{Heap before GC invocations=43 (full 1):
 PSYoungGen      total 679424K, used 677645K [0x00000000d6600000, 0x0000000100000000, 0x0000000100000000)
  eden space 676864K, 99% used [0x00000000d6600000,0x00000000ffac2508,0x00000000ffb00000)
  from space 2560K, 40% used [0x00000000ffb00000,0x00000000ffc01010,0x00000000ffd80000)
  to   space 2560K, 0% used [0x00000000ffd80000,0x00000000ffd80000,0x0000000100000000)
 ParOldGen       total 53760K, used 12317K [0x0000000083200000, 0x0000000086680000, 0x00000000d6600000)
  object space 53760K, 22% used [0x0000000083200000,0x0000000083e074b8,0x0000000086680000)
 Metaspace       used 20638K, capacity 21774K, committed 21888K, reserved 1069056K
  class space    used 2949K, capacity 3169K, committed 3200K, reserved 1048576K
Event: 15.240 GC heap after
Heap after GC invocations=43 (full 1):
 PSYoungGen      total 678400K, used 1028K [0x00000000d6600000, 0x00000000fff00000, 0x0000000100000000)
  eden space 676864K, 0% used [0x00000000d6600000,0x00000000d6600000,0x00000000ffb00000)
  from space 1536K, 66% used [0x00000000ffd80000,0x00000000ffe81010,0x00000000fff00000)
  to   space 2048K, 0% used [0x00000000ffb00000,0x00000000ffb00000,0x00000000ffd00000)
 ParOldGen       total 53760K, used 12333K [0x0000000083200000, 0x0000000086680000, 0x00000000d6600000)
  object space 53760K, 22% used [0x0000000083200000,0x0000000083e0b4b8,0x0000000086680000)
 Metaspace       used 20638K, capacity 21774K, committed 21888K, reserved 1069056K
  class space    used 2949K, capacity 3169K, committed 3200K, reserved 1048576K
}
Event: 15.333 GC heap before
{Heap before GC invocations=44 (full 1):
 PSYoungGen      total 678400K, used 677892K [0x00000000d6600000, 0x00000000fff00000, 0x0000000100000000)
  eden space 676864K, 100% used [0x00000000d6600000,0x00000000ffb00000,0x00000000ffb00000)
  from space 1536K, 66% used [0x00000000ffd80000,0x00000000ffe81010,0x00000000fff00000)
  to   space 2048K, 0% used [0x00000000ffb00000,0x00000000ffb00000,0x00000000ffd00000)
 ParOldGen       total 53760K, used 12333K [0x0000000083200000, 0x0000000086680000, 0x00000000d6600000)
  object space 53760K, 22% used [0x0000000083200000,0x0000000083e0b4b8,0x0000000086680000)
 Metaspace       used 20638K, capacity 21774K, committed 21888K, reserved 1069056K
  class space    used 2949K, capacity 3169K, committed 3200K, reserved 1048576K
Event: 15.334 GC heap after
Heap after GC invocations=44 (full 1):
 PSYoungGen      total 678912K, used 1028K [0x00000000d6600000, 0x0000000100000000, 0x0000000100000000)
  eden space 676864K, 0% used [0x00000000d6600000,0x00000000d6600000,0x00000000ffb00000)
  from space 2048K, 50% used [0x00000000ffb00000,0x00000000ffc01010,0x00000000ffd00000)
  to   space 2048K, 0% used [0x00000000ffe00000,0x00000000ffe00000,0x0000000100000000)
 ParOldGen       total 53760K, used 12341K [0x0000000083200000, 0x0000000086680000, 0x00000000d6600000)
  object space 53760K, 22% used [0x0000000083200000,0x0000000083e0d4b8,0x0000000086680000)
 Metaspace       used 20638K, capacity 21774K, committed 21888K, reserved 1069056K
  class space    used 2949K, capacity 3169K, committed 3200K, reserved 1048576K
}
Event: 15.424 GC heap before
{Heap before GC invocations=45 (full 1):
 PSYoungGen      total 678912K, used 677799K [0x00000000d6600000, 0x0000000100000000, 0x0000000100000000)
  eden space 676864K, 99% used [0x00000000d6600000,0x00000000ffae8e70,0x00000000ffb00000)
  from space 2048K, 50% used [0x00000000ffb00000,0x00000000ffc01010,0x00000000ffd00000)
  to   space 2048K, 0% used [0x00000000ffe00000,0x00000000ffe00000,0x0000000100000000)
 ParOldGen       total 53760K, used 12341K [0x0000000083200000, 0x0000000086680000, 0x00000000d6600000)
  object space 53760K, 22% used [0x0000000083200000,0x0000000083e0d4b8,0x0000000086680000)
 Metaspace       used 20638K, capacity 21774K, committed 21888K, reserved 1069056K
  class space    used 2949K, capacity 3169K, committed 3200K, reserved 1048576K
Event: 15.425 GC heap after
Heap after GC invocations=45 (full 1):
 PSYoungGen      total 679936K, used 1028K [0x00000000d6600000, 0x0000000100000000, 0x0000000100000000)
  eden space 677888K, 0% used [0x00000000d6600000,0x00000000d6600000,0x00000000ffc00000)
  from space 2048K, 50% used [0x00000000ffe00000,0x00000000fff01010,0x0000000100000000)
  to   space 2048K, 0% used [0x00000000ffc00000,0x00000000ffc00000,0x00000000ffe00000)
 ParOldGen       total 53760K, used 12349K [0x0000000083200000, 0x0000000086680000, 0x00000000d6600000)
  object space 53760K, 22% used [0x0000000083200000,0x0000000083e0f4b8,0x0000000086680000)
 Metaspace       used 20638K, capacity 21774K, committed 21888K, reserved 1069056K
  class space    used 2949K, capacity 3169K, committed 3200K, reserved 1048576K
}
Event: 15.511 GC heap before
{Heap before GC invocations=46 (full 1):
 PSYoungGen      total 679936K, used 678916K [0x00000000d6600000, 0x0000000100000000, 0x0000000100000000)
  eden space 677888K, 100% used [0x00000000d6600000,0x00000000ffc00000,0x00000000ffc00000)
  from space 2048K, 50% used [0x00000000ffe00000,0x00000000fff01010,0x0000000100000000)
  to   space 2048K, 0% used [0x00000000ffc00000,0x00000000ffc00000,0x00000000ffe00000)
 ParOldGen       total 53760K, used 12349K [0x0000000083200000, 0x0000000086680000, 0x00000000d6600000)
  object space 53760K, 22% used [0x0000000083200000,0x0000000083e0f4b8,0x0000000086680000)
 Metaspace       used 20638K, capacity 21774K, committed 21888K, reserved 1069056K
  class space    used 2949K, capacity 3169K, committed 3200K, reserved 1048576K
Event: 15.512 GC heap after
Heap after GC invocations=46 (full 1):
 PSYoungGen      total 679936K, used 1028K [0x00000000d6600000, 0x0000000100000000, 0x0000000100000000)
  eden space 677888K, 0% used [0x00000000d6600000,0x00000000d6600000,0x00000000ffc00000)
  from space 2048K, 50% used [0x00000000ffc00000,0x00000000ffd01010,0x00000000ffe00000)
  to   space 2048K, 0% used [0x00000000ffe00000,0x00000000ffe00000,0x0000000100000000)
 ParOldGen       total 53760K, used 12365K [0x0000000083200000, 0x0000000086680000, 0x00000000d6600000)
  object space 53760K, 23% used [0x0000000083200000,0x0000000083e134b8,0x0000000086680000)
 Metaspace       used 20638K, capacity 21774K, committed 21888K, reserved 1069056K
  class space    used 2949K, capacity 3169K, committed 3200K, reserved 1048576K
}
Event: 15.609 GC heap before
{Heap before GC invocations=47 (full 1):
 PSYoungGen      total 679936K, used 678916K [0x00000000d6600000, 0x0000000100000000, 0x0000000100000000)
  eden space 677888K, 100% used [0x00000000d6600000,0x00000000ffc00000,0x00000000ffc00000)
  from space 2048K, 50% used [0x00000000ffc00000,0x00000000ffd01010,0x00000000ffe00000)
  to   space 2048K, 0% used [0x00000000ffe00000,0x00000000ffe00000,0x0000000100000000)
 ParOldGen       total 53760K, used 12365K [0x0000000083200000, 0x0000000086680000, 0x00000000d6600000)
  object space 53760K, 23% used [0x0000000083200000,0x0000000083e134b8,0x0000000086680000)
 Metaspace       used 20692K, capacity 21786K, committed 21888K, reserved 1069056K
  class space    used 2956K, capacity 3171K, committed 3200K, reserved 1048576K
Event: 15.610 GC heap after
Heap after GC invocations=47 (full 1):
 PSYoungGen      total 679936K, used 1124K [0x00000000d6600000, 0x0000000100000000, 0x0000000100000000)
  eden space 677888K, 0% used [0x00000000d6600000,0x00000000d6600000,0x00000000ffc00000)
  from space 2048K, 54% used [0x00000000ffe00000,0x00000000fff19010,0x0000000100000000)
  to   space 2048K, 0% used [0x00000000ffc00000,0x00000000ffc00000,0x00000000ffe00000)
 ParOldGen       total 53760K, used 12405K [0x0000000083200000, 0x0000000086680000, 0x00000000d6600000)
  object space 53760K, 23% used [0x0000000083200000,0x0000000083e1d4b8,0x0000000086680000)
 Metaspace       used 20692K, capacity 21786K, committed 21888K, reserved 1069056K
  class space    used 2956K, capacity 3171K, committed 3200K, reserved 1048576K
}

Deoptimization events (10 events):
Event: 10.441 Thread 0x000000001a002800 Uncommon trap: reason=class_check action=maybe_recompile pc=0x0000000003a3e870 method=java.io.FilterInputStream.read()I @ 4
Event: 10.441 Thread 0x000000001a002800 Uncommon trap: reason=class_check action=maybe_recompile pc=0x0000000003a3e870 method=java.io.FilterInputStream.read()I @ 4
Event: 10.446 Thread 0x000000001a002800 Uncommon trap: reason=unstable_if action=reinterpret pc=0x0000000003c13768 method=com.sun.javafx.css.ParsedValueImpl.containsFontRelativeSize(Ljavafx/css/ParsedValue;Z)Z @ 56
Event: 10.446 Thread 0x000000001a002800 Uncommon trap: reason=unstable_if action=reinterpret pc=0x0000000003b7ec54 method=javafx.scene.CssStyleHelper.lookup(Ljavafx/css/Styleable;Ljavafx/css/CssMetaData;Lcom/sun/javafx/css/StyleMap;Ljava/util/Set;Ljavafx/css/Styleable;Lcom/sun/javafx/css/Calcula÷¿ﬂâù(@
Event: 12.308 Thread 0x000000001a002800 Uncommon trap: reason=unstable_if action=reinterpret pc=0x0000000003d70894 method=com.sun.javafx.text.PrismTextLayout.shape(Lcom/sun/javafx/text/TextRun;[CLcom/sun/javafx/text/GlyphLayout;)V @ 121
Event: 12.370 Thread 0x000000001a766000 Uncommon trap: reason=unstable_if action=reinterpret pc=0x0000000003caefe8 method=java.util.concurrent.SynchronousQueue$TransferQueue.awaitFulfill(Ljava/util/concurrent/SynchronousQueue$TransferQueue$QNode;Ljava/lang/Object;ZJ)Ljava/lang/Object; @ 29
Event: 13.074 Thread 0x000000001a002800 Uncommon trap: reason=array_check action=maybe_recompile pc=0x0000000003e9fb7c method=com.sun.javafx.css.CompoundSelector.applies(Ljavafx/css/Styleable;[Ljava/util/Set;I)Z @ 128
Event: 13.079 Thread 0x000000001a002800 Uncommon trap: reason=array_check action=maybe_recompile pc=0x0000000003e9fb7c method=com.sun.javafx.css.CompoundSelector.applies(Ljavafx/css/Styleable;[Ljava/util/Set;I)Z @ 128
Event: 13.080 Thread 0x000000001a002800 Uncommon trap: reason=array_check action=maybe_recompile pc=0x0000000003e9fb7c method=com.sun.javafx.css.CompoundSelector.applies(Ljavafx/css/Styleable;[Ljava/util/Set;I)Z @ 128
Event: 13.081 Thread 0x000000001a002800 Uncommon trap: reason=array_check action=maybe_recompile pc=0x0000000003e9fb7c method=com.sun.javafx.css.CompoundSelector.applies(Ljavafx/css/Styleable;[Ljava/util/Set;I)Z @ 128

Internal exceptions (10 events):
Event: 1.087 Thread 0x000000001a468000 Exception <a 'java/lang/NoSuchMethodError': stopSession> (0x00000000d715be28) thrown at [D:\re\puppet\workspace\8-2-build-windows-amd64-cygwin\jdk8u73\6086\hotspot\src\share\vm\prims\jni.cpp, line 1591]
Event: 1.101 Thread 0x000000001a468000 Exception <a 'java/lang/NoSuchMethodError': destroy> (0x00000000d71ec988) thrown at [D:\re\puppet\workspace\8-2-build-windows-amd64-cygwin\jdk8u73\6086\hotspot\src\share\vm\prims\jni.cpp, line 1591]
Event: 1.104 Thread 0x000000001a468000 Exception <a 'java/lang/NoSuchMethodError': apply> (0x00000000d720fed0) thrown at [D:\re\puppet\workspace\8-2-build-windows-amd64-cygwin\jdk8u73\6086\hotspot\src\share\vm\prims\jni.cpp, line 1591]
Event: 1.104 Thread 0x000000001a468000 Exception <a 'java/lang/NoSuchMethodError': apply> (0x00000000d7211038) thrown at [D:\re\puppet\workspace\8-2-build-windows-amd64-cygwin\jdk8u73\6086\hotspot\src\share\vm\prims\jni.cpp, line 1591]
Event: 1.110 Thread 0x000000001a468000 Exception <a 'java/lang/NoSuchMethodError': getDevice> (0x00000000d7230540) thrown at [D:\re\puppet\workspace\8-2-build-windows-amd64-cygwin\jdk8u73\6086\hotspot\src\share\vm\prims\jni.cpp, line 1591]
Event: 1.110 Thread 0x000000001a468000 Exception <a 'java/lang/NoSuchMethodError': getNumDevices> (0x00000000d72307a0) thrown at [D:\re\puppet\workspace\8-2-build-windows-amd64-cygwin\jdk8u73\6086\hotspot\src\share\vm\prims\jni.cpp, line 1591]
Event: 1.112 Thread 0x000000001a468000 Exception <a 'java/lang/NoSuchMethodError': getName> (0x00000000d7236de0) thrown at [D:\re\puppet\workspace\8-2-build-windows-amd64-cygwin\jdk8u73\6086\hotspot\src\share\vm\prims\jni.cpp, line 1591]
Event: 1.112 Thread 0x000000001a468000 Exception <a 'java/lang/NoSuchMethodError': getIdentifier> (0x00000000d7237048) thrown at [D:\re\puppet\workspace\8-2-build-windows-amd64-cygwin\jdk8u73\6086\hotspot\src\share\vm\prims\jni.cpp, line 1591]
Event: 1.118 Thread 0x000000001a468000 Exception <a 'java/io/FileNotFoundException'> (0x00000000d72523f8) thrown at [D:\re\puppet\workspace\8-2-build-windows-amd64-cygwin\jdk8u73\6086\hotspot\src\share\vm\prims\jni.cpp, line 709]
Event: 15.601 Thread 0x000000001a763000 Exception <a 'java/lang/IllegalStateException'> (0x00000000fdc36c98) thrown at [D:\re\puppet\workspace\8-2-build-windows-amd64-cygwin\jdk8u73\6086\hotspot\src\share\vm\prims\jvm.cpp, line 1390]

Events (10 events):
Event: 15.616 Thread 0x0000000019804800 flushing nmethod 0x0000000003b946d0
Event: 15.616 Thread 0x0000000019804800 flushing nmethod 0x0000000003baec90
Event: 15.616 Thread 0x0000000019804800 flushing nmethod 0x0000000003bb1c90
Event: 15.616 Thread 0x0000000019804800 flushing nmethod 0x0000000003bb2550
Event: 15.616 Thread 0x0000000019804800 flushing nmethod 0x0000000003bb34d0
Event: 15.616 Thread 0x0000000019804800 flushing nmethod 0x0000000003bb3990
Event: 15.617 Thread 0x00000000180fd800 flushing nmethod 0x0000000003c10990
Event: 15.617 Thread 0x00000000180fd800 flushing nmethod 0x0000000003c11090
Event: 15.617 Thread 0x00000000180fd800 flushing nmethod 0x0000000003c11550
Event: 15.617 Thread 0x00000000180fd800 flushing nmethod 0x0000000003c12e50


Dynamic libraries:
0x00007ff6eb620000 - 0x00007ff6eb657000 	C:\Program Files\Java\jdk1.8.0_73\jre\bin\java.exe
0x00007ffa52180000 - 0x00007ffa52341000 	C:\Windows\SYSTEM32\ntdll.dll
0x00007ffa51950000 - 0x00007ffa519fd000 	C:\Windows\system32\KERNEL32.DLL
0x00007ffa4e830000 - 0x00007ffa4ea18000 	C:\Windows\system32\KERNELBASE.dll
0x00007ffa4fe80000 - 0x00007ffa4ff27000 	C:\Windows\system32\ADVAPI32.dll
0x00007ffa51a00000 - 0x00007ffa51a9d000 	C:\Windows\system32\msvcrt.dll
0x00007ffa50100000 - 0x00007ffa5015b000 	C:\Windows\system32\sechost.dll
0x00007ffa4f900000 - 0x00007ffa4fa1c000 	C:\Windows\system32\RPCRT4.dll
0x00007ffa4fa30000 - 0x00007ffa4fb86000 	C:\Windows\system32\USER32.dll
0x00007ffa51ae0000 - 0x00007ffa51c66000 	C:\Windows\system32\GDI32.dll
0x00007ffa49220000 - 0x00007ffa49494000 	C:\Windows\WinSxS\amd64_microsoft.windows.common-controls_6595b64144ccf1df_6.0.10586.0_none_8c15ae12515e1c22\COMCTL32.dll
0x00007ffa4fb90000 - 0x00007ffa4fe0d000 	C:\Windows\system32\combase.dll
0x00007ffa4f400000 - 0x00007ffa4f46a000 	C:\Windows\system32\bcryptPrimitives.dll
0x00007ffa51aa0000 - 0x00007ffa51adb000 	C:\Windows\system32\IMM32.DLL
0x0000000068d60000 - 0x0000000068e32000 	C:\Program Files\Java\jdk1.8.0_73\jre\bin\msvcr100.dll
0x0000000068e40000 - 0x00000000696d0000 	C:\Program Files\Java\jdk1.8.0_73\jre\bin\server\jvm.dll
0x00007ffa4f8f0000 - 0x00007ffa4f8f8000 	C:\Windows\system32\PSAPI.DLL
0x00007ffa4ae50000 - 0x00007ffa4ae59000 	C:\Windows\SYSTEM32\WSOCK32.dll
0x00007ffa4c7f0000 - 0x00007ffa4c813000 	C:\Windows\SYSTEM32\WINMM.dll
0x00007ffa494b0000 - 0x00007ffa494ba000 	C:\Windows\SYSTEM32\VERSION.dll
0x00007ffa518e0000 - 0x00007ffa5194b000 	C:\Windows\system32\WS2_32.dll
0x00000000013e0000 - 0x000000000140c000 	C:\Windows\SYSTEM32\WINMMBASE.dll
0x00007ffa4f470000 - 0x00007ffa4f4b3000 	C:\Windows\system32\cfgmgr32.dll
0x0000000068d10000 - 0x0000000068d1f000 	C:\Program Files\Java\jdk1.8.0_73\jre\bin\verify.dll
0x0000000068ce0000 - 0x0000000068d09000 	C:\Program Files\Java\jdk1.8.0_73\jre\bin\java.dll
0x0000000068cc0000 - 0x0000000068cd6000 	C:\Program Files\Java\jdk1.8.0_73\jre\bin\zip.dll
0x00007ffa50230000 - 0x00007ffa5178c000 	C:\Windows\system32\SHELL32.dll
0x00007ffa4ec70000 - 0x00007ffa4f2b4000 	C:\Windows\system32\windows.storage.dll
0x00007ffa500a0000 - 0x00007ffa500f2000 	C:\Windows\system32\shlwapi.dll
0x00007ffa4e7d0000 - 0x00007ffa4e7df000 	C:\Windows\system32\kernel.appcore.dll
0x00007ffa4f4c0000 - 0x00007ffa4f575000 	C:\Windows\system32\shcore.dll
0x00007ffa4e7e0000 - 0x00007ffa4e82b000 	C:\Windows\system32\powrprof.dll
0x00007ffa4e7a0000 - 0x00007ffa4e7b4000 	C:\Windows\system32\profapi.dll
0x00007ffa1e380000 - 0x00007ffa1e46f000 	C:\Program Files\Java\jdk1.8.0_73\jre\bin\msvcr120.dll
0x00007ffa1dbb0000 - 0x00007ffa1dc56000 	C:\Program Files\Java\jdk1.8.0_73\jre\bin\msvcp120.dll
0x00000000689d0000 - 0x00000000689f3000 	C:\Program Files\Java\jdk1.8.0_73\jre\bin\prism_d3d.dll
0x00007ffa2c680000 - 0x00007ffa2c890000 	C:\Windows\system32\d3d9.dll
0x00007ffa4c690000 - 0x00007ffa4c6b2000 	C:\Windows\SYSTEM32\dwmapi.dll
0x00007ffa4d1d0000 - 0x00007ffa4d266000 	C:\Windows\system32\uxtheme.dll
0x00007ffa51d20000 - 0x00007ffa52149000 	C:\Windows\system32\SETUPAPI.dll
0x00007ffa50160000 - 0x00007ffa50221000 	C:\Windows\system32\OLEAUT32.dll
0x00007ffa51790000 - 0x00007ffa518d3000 	C:\Windows\system32\ole32.dll
0x0000000068980000 - 0x00000000689c3000 	C:\Program Files\Java\jdk1.8.0_73\jre\bin\glass.dll
0x00007ffa4ff30000 - 0x00007ffa5003b000 	C:\Windows\system32\COMDLG32.dll
0x00007ffa4f2c0000 - 0x00007ffa4f346000 	C:\Windows\system32\FirewallAPI.dll
0x00007ffa4ebf0000 - 0x00007ffa4ec07000 	C:\Windows\system32\NETAPI32.dll
0x00007ffa45330000 - 0x00007ffa4533c000 	C:\Windows\SYSTEM32\DAVHLPR.DLL
0x00007ffa4d520000 - 0x00007ffa4d552000 	C:\Windows\SYSTEM32\fwbase.dll
0x00007ffa4f730000 - 0x00007ffa4f88a000 	C:\Windows\system32\MSCTF.dll
0x0000000069bb0000 - 0x0000000069bc4000 	C:\Program Files\Java\jdk1.8.0_73\jre\bin\javafx_font.dll
0x00007ffa37350000 - 0x00007ffa375b0000 	C:\Windows\SYSTEM32\dwrite.dll
0x00007ffa51c70000 - 0x00007ffa51d17000 	C:\Windows\system32\clbcatq.dll
0x00007ffa4b160000 - 0x00007ffa4b311000 	C:\Windows\SYSTEM32\WindowsCodecs.dll
0x00007ffa289c0000 - 0x00007ffa28a0a000 	C:\Windows\system32\dataexchange.dll
0x00007ffa4c3e0000 - 0x00007ffa4c688000 	C:\Windows\system32\d3d11.dll
0x00007ffa4cba0000 - 0x00007ffa4cc83000 	C:\Windows\system32\dcomp.dll
0x00007ffa4c330000 - 0x00007ffa4c3d2000 	C:\Windows\system32\dxgi.dll
0x00007ffa4d2c0000 - 0x00007ffa4d3c0000 	C:\Windows\system32\twinapi.appcore.dll
0x00007ffa4e6d0000 - 0x00007ffa4e6f9000 	C:\Windows\system32\bcrypt.dll
0x00007ffa40fd0000 - 0x00007ffa41004000 	C:\Program Files\Common Files\Microsoft Shared\Ink\rtscom.dll
0x0000000068960000 - 0x0000000068971000 	C:\Program Files\Java\jdk1.8.0_73\jre\bin\prism_common.dll
0x00007ffa4e120000 - 0x00007ffa4e137000 	C:\Windows\SYSTEM32\CRYPTSP.dll
0x00007ffa4ddb0000 - 0x00007ffa4dde4000 	C:\Windows\system32\rsaenh.dll
0x00007ffa4df00000 - 0x00007ffa4df1f000 	C:\Windows\SYSTEM32\USERENV.dll
0x00007ffa4e6c0000 - 0x00007ffa4e6cb000 	C:\Windows\SYSTEM32\CRYPTBASE.dll
0x0000000068ca0000 - 0x0000000068cba000 	C:\Program Files\Java\jdk1.8.0_73\jre\bin\net.dll
0x00007ffa4e070000 - 0x00007ffa4e0cc000 	C:\Windows\system32\mswsock.dll
0x00007ffa451b0000 - 0x00007ffa451e8000 	C:\Windows\SYSTEM32\IPHLPAPI.DLL
0x00007ffa4fa20000 - 0x00007ffa4fa28000 	C:\Windows\system32\NSI.dll
0x00007ffa44eb0000 - 0x00007ffa44ec6000 	C:\Windows\SYSTEM32\dhcpcsvc6.DLL
0x00007ffa44e40000 - 0x00007ffa44e5a000 	C:\Windows\SYSTEM32\dhcpcsvc.DLL
0x0000000068c80000 - 0x0000000068c91000 	C:\Program Files\Java\jdk1.8.0_73\jre\bin\nio.dll
0x00007ffa2eed0000 - 0x00007ffa2eef9000 	C:\Users\Travis Shao\AppData\Local\Temp\BridJExtractedLibraries4739283373434619559\bridj.dll
0x00007ffa26ba0000 - 0x00007ffa26bd6000 	C:\Users\TRAVIS~1\AppData\Local\Temp\BridJExtractedLibraries4739283373434619559\OpenIMAJGrabber.dll
0x00007ffa4b370000 - 0x00007ffa4b388000 	C:\Windows\System32\devenum.dll
0x00007ffa4dc90000 - 0x00007ffa4dcc1000 	C:\Windows\SYSTEM32\ntmarta.dll
0x00007ffa4d270000 - 0x00007ffa4d297000 	C:\Windows\SYSTEM32\DEVOBJ.dll
0x00007ffa4ec10000 - 0x00007ffa4ec65000 	C:\Windows\system32\WINTRUST.dll
0x00007ffa4e7c0000 - 0x00007ffa4e7d0000 	C:\Windows\system32\MSASN1.dll
0x00007ffa4ea20000 - 0x00007ffa4ebe8000 	C:\Windows\system32\CRYPT32.dll
0x00007ffa45090000 - 0x00007ffa4509a000 	C:\Windows\SYSTEM32\msdmo.dll
0x0000000068ae0000 - 0x0000000068c78000 	C:\Program Files\Java\jdk1.8.0_73\jre\bin\awt.dll
0x00007ffa4cf90000 - 0x00007ffa4d009000 	C:\Windows\system32\apphelp.dll
0x000000006a000000 - 0x000000006a025000 	C:\Users\Travis Shao\.jssc\windows\jSSC-2.6_x86_64.dll
0x00007ffa24eb0000 - 0x00007ffa24ee4000 	C:\Windows\System32\qcap.dll
0x00007ffa15ef0000 - 0x00007ffa160be000 	C:\Windows\System32\quartz.dll
0x00007ffa47f30000 - 0x00007ffa47f7f000 	C:\Windows\System32\ksproxy.ax
0x00007ffa454c0000 - 0x00007ffa454c8000 	C:\Windows\System32\ksuser.dll
0x00007ffa4c950000 - 0x00007ffa4c9a5000 	C:\Windows\SYSTEM32\policymanager.dll
0x00007ffa4c8b0000 - 0x00007ffa4c942000 	C:\Windows\System32\msvcp110_win.dll
0x00007ffa4b360000 - 0x00007ffa4b36e000 	C:\Windows\System32\vidcap.ax
0x00007ffa4b010000 - 0x00007ffa4b037000 	C:\Windows\System32\kswdmcap.ax
0x00007ffa160c0000 - 0x00007ffa16230000 	C:\Windows\System32\MFC42.dll
0x00007ffa330c0000 - 0x00007ffa33170000 	C:\Windows\System32\ODBC32.dll
0x00007ffa4ddf0000 - 0x00007ffa4ddfa000 	C:\Windows\System32\DPAPI.dll
0x00007ffa15e40000 - 0x00007ffa15eeb000 	C:\Windows\System32\qedit.dll
0x00007ffa24430000 - 0x00007ffa24459000 	C:\Windows\System32\MSVFW32.dll
0x00007ffa45530000 - 0x00007ffa456d8000 	C:\Windows\WinSxS\amd64_microsoft.windows.gdiplus_6595b64144ccf1df_1.1.10586.20_none_db007f1392e69ef4\gdiplus.dll
0x00007ffa26cc0000 - 0x00007ffa26dba000 	C:\Windows\System32\DDRAW.dll
0x00007ffa2c9a0000 - 0x00007ffa2c9a8000 	C:\Windows\System32\DCIMAN32.dll
0x00007ffa496f0000 - 0x00007ffa496fc000 	C:\Windows\SYSTEM32\msyuv.dll
0x00007ffa4b7e0000 - 0x00007ffa4b96c000 	C:\Windows\SYSTEM32\dbghelp.dll

VM Arguments:
jvm_args: -Dfile.encoding=UTF-8 
java_command: E:\NetBeansProjects\WormTracker\dist\run985916979\WormTracker.jar
java_class_path (initial): E:\NetBeansProjects\WormTracker\dist\run985916979\WormTracker.jar
Launcher Type: SUN_STANDARD

Environment Variables:
PATH=C:\ProgramData\Oracle\Java\javapath;C:\Program Files (x86)\Intel\iCLS Client\;C:\Program Files\Intel\iCLS Client\;C:\Windows\system32;C:\Windows;C:\Windows\System32\Wbem;C:\Windows\System32\WindowsPowerShell\v1.0\;C:\Program Files (x86)\NVIDIA Corporation\PhysX\Common;C:\Program Files (x86)\Intel\Intel(R) Management Engine Components\DAL;C:\Program Files\Intel\Intel(R) Management Engine Components\DAL;C:\Program Files (x86)\Intel\Intel(R) Management Engine Components\IPT;C:\Program Files\Intel\Intel(R) Management Engine Components\IPT;C:\Program Files (x86)\PharosSystems\Core;C:\Program Files\Intel\WiFi\bin\;C:\Program Files\Common Files\Intel\WirelessCommon\;D:\Anaconda3;D:\Anaconda3\Scripts;D:\Anaconda3\Library\bin;D:\Program Files (x86)\Skype\Phone\;C:\Program Files\Intel\WiFi\bin\;C:\Program Files\Common Files\Intel\WirelessCommon\
USERNAME=Travis Shao
OS=Windows_NT
PROCESSOR_IDENTIFIER=Intel64 Family 6 Model 78 Stepping 3, GenuineIntel



---------------  S Y S T E M  ---------------

OS: Windows 10.0 , 64 bit Build 10586 (10.0.10586.0)

CPU:total 4 (2 cores per cpu, 2 threads per core) family 6 model 78 stepping 3, cmov, cx8, fxsr, mmx, sse, sse2, sse3, ssse3, sse4.1, sse4.2, popcnt, avx, avx2, aes, clmul, erms, 3dnowpref, lzcnt, ht, tsc, tscinvbit, bmi1, bmi2, adx

Memory: 4k page, physical 8179560k(2987748k free), swap 9490280k(3063876k free)

vm_info: Java HotSpot(TM) 64-Bit Server VM (25.73-b02) for windows-amd64 JRE (1.8.0_73-b02), built on Jan 29 2016 17:38:49 by "java_re" with MS VC++ 10.0 (VS2010)

time: Wed Jun 15 14:51:05 2016
elapsed time: 15 seconds (0d 0h 0m 15s)

