#
# A fatal error has been detected by the Java Runtime Environment:
#
#  EXCEPTION_ACCESS_VIOLATION (0xc0000005) at pc=0x0000000002772b20, pid=13240, tid=14976
#
# JRE version: Java(TM) SE Runtime Environment (8.0_73-b02) (build 1.8.0_73-b02)
# Java VM: Java HotSpot(TM) 64-Bit Server VM (25.73-b02 mixed mode windows-amd64 compressed oops)
# Problematic frame:
# v  ~StubRoutines::jlong_disjoint_arraycopy
#
# Failed to write core dump. Minidumps are not enabled by default on client versions of Windows
#
# If you would like to submit a bug report, please visit:
#   http://bugreport.java.com/bugreport/crash.jsp
#

---------------  T H R E A D  ---------------

Current thread (0x0000000019617800):  JavaThread "InputViewFeed" [_thread_in_Java, id=14976, stack(0x0000000027ab0000,0x0000000027bb0000)]

siginfo: ExceptionCode=0xc0000005, reading address 0x00000000274b1000

Registers:
RAX=0x0000000027591080, RBX=0x0000000085641c80, RCX=0x00000000e3dde7e0, RDX=0xfffffffffffe3ff8
RSP=0x0000000027baf580, RBP=0x0000000027baf580, RSI=0x00000000e3cfd7e8, RDI=0x0000000027591078
R8 =0x000000000001c200, R9 =0x00000000274b0080, R10=0x00000000000e1000, R11=0x00000000e3cfd7d8
R12=0x0000000000000000, R13=0x00000000000e1000, R14=0x00000000d7250d50, R15=0x0000000019617800
RIP=0x0000000002772b20, EFLAGS=0x0000000000010282

Top of Stack: (sp=0x0000000027baf580)
0x0000000027baf580:   00000000000e1000 0000000002de3806
0x0000000027baf590:   00000000d7250cf0 0000000002820f09
0x0000000027baf5a0:   00000000e3c126b8 000000002644a9b8
0x0000000027baf5b0:   00000000fc800000 0000000000000206
0x0000000027baf5c0:   0000000084190078 00000000000e1000
0x0000000027baf5d0:   0000018000000060 00000220000e1000
0x0000000027baf5e0:   00000000e3c126b8 00000001000007a8
0x0000000027baf5f0:   00000000f73e57f8 00000000f73047e8
0x0000000027baf600:   0000000027baf750 0000000002a8ccf4
0x0000000027baf610:   0000000000000000 00000000841a8508
0x0000000027baf620:   0000000000000000 0000000027baf6d0
0x0000000027baf630:   0000000027baf680 0000000027baf680
0x0000000027baf640:   0000000027baf6d0 000000000273f24d
0x0000000027baf650:   00000000000000b2 00000000000e1000
0x0000000027baf660:   00000000000e1000 0000000000000000
0x0000000027baf670:   00000000d6ecaf40 000000000273f215 

Instructions: (pc=0x0000000002772b20)
0x0000000002772b00:   e9 33 00 00 00 48 8b 44 d7 08 48 89 44 d1 08 48
0x0000000002772b10:   ff c2 75 f1 49 8b f9 49 8b f2 48 33 c0 c9 c3 90
0x0000000002772b20:   c5 fe 6f 44 d7 c8 c5 fe 7f 44 d1 c8 c5 fe 6f 4c
0x0000000002772b30:   d7 e8 c5 fe 7f 4c d1 e8 48 83 c2 08 7e e2 48 83 


Register to memory mapping:

RAX=0x0000000027591080 is an unknown value
RBX=0x0000000085641c80 is an oop
java.nio.DirectByteBuffer 
 - klass: 'java/nio/DirectByteBuffer'
RCX=0x00000000e3dde7e0 is an oop

[error occurred during error reporting (printing register info), id 0xc0000005]

Stack: [0x0000000027ab0000,0x0000000027bb0000],  sp=0x0000000027baf580,  free space=1021k
Native frames: (J=compiled Java code, j=interpreted, Vv=VM code, C=native code)
C  0x0000000002772b20


---------------  P R O C E S S  ---------------

Java Threads: ( => current thread )
  0x000000001961a000 JavaThread "shutdown-hook-1" [_thread_blocked, id=13956, stack(0x000000002bdf0000,0x000000002bef0000)]
  0x0000000019619000 JavaThread "Java2D Disposer" daemon [_thread_blocked, id=11416, stack(0x000000002bbf0000,0x000000002bcf0000)]
  0x0000000019618800 JavaThread "Thread-7" [_thread_blocked, id=5600, stack(0x000000002b9f0000,0x000000002baf0000)]
  0x000000001961a800 JavaThread "Thread-8" [_thread_blocked, id=15084, stack(0x000000002b8a0000,0x000000002b9a0000)]
=>0x0000000019617800 JavaThread "InputViewFeed" [_thread_in_Java, id=14976, stack(0x0000000027ab0000,0x0000000027bb0000)]
  0x0000000019562000 JavaThread "Thread-6" [_thread_in_Java, id=3692, stack(0x00000000279b0000,0x0000000027ab0000)]
  0x0000000019561800 JavaThread "frames-refresher-[0]" daemon [_thread_blocked, id=4076, stack(0x00000000278b0000,0x00000000279b0000)]
  0x0000000019560000 JavaThread "webcam-lock-[USB2.0 VGA UVC WebCam 0]" daemon [_thread_blocked, id=14456, stack(0x00000000265e0000,0x00000000266e0000)]
  0x0000000019563000 JavaThread "webcam-discovery-service" daemon [_thread_blocked, id=9200, stack(0x0000000024e40000,0x0000000024f40000)]
  0x00000000194d3000 JavaThread "atomic-processor-1" daemon [_thread_in_native, id=13732, stack(0x0000000022970000,0x0000000022a70000)]
  0x000000001952c000 JavaThread "Prism Font Disposer" daemon [_thread_blocked, id=13652, stack(0x0000000020090000,0x0000000020190000)]
  0x000000001913f800 JavaThread "Thread-3" daemon [_thread_in_native, id=2636, stack(0x000000001e300000,0x000000001e400000)]
  0x0000000019123800 JavaThread "JavaFX-Launcher" [_thread_blocked, id=3136, stack(0x000000001e400000,0x000000001e500000)]
  0x0000000018caa800 JavaThread "JavaFX Application Thread" [_thread_blocked, id=13628, stack(0x0000000019c70000,0x0000000019d70000)]
  0x0000000018ca8000 JavaThread "Thread-1" daemon [_thread_blocked, id=10104, stack(0x0000000019b70000,0x0000000019c70000)]
  0x000000001894f000 JavaThread "Service Thread" daemon [_thread_blocked, id=6516, stack(0x0000000018eb0000,0x0000000018fb0000)]
  0x00000000188b3000 JavaThread "C1 CompilerThread2" daemon [_thread_blocked, id=6432, stack(0x0000000018db0000,0x0000000018eb0000)]
  0x00000000171cc800 JavaThread "C2 CompilerThread1" daemon [_thread_blocked, id=12988, stack(0x0000000018cb0000,0x0000000018db0000)]
  0x00000000171c9000 JavaThread "C2 CompilerThread0" daemon [_thread_blocked, id=512, stack(0x00000000187b0000,0x00000000188b0000)]
  0x000000001717e000 JavaThread "Attach Listener" daemon [_thread_blocked, id=12472, stack(0x00000000186b0000,0x00000000187b0000)]
  0x0000000017167800 JavaThread "Signal Dispatcher" daemon [_thread_blocked, id=5772, stack(0x00000000185b0000,0x00000000186b0000)]
  0x0000000002716000 JavaThread "Finalizer" daemon [_thread_blocked, id=3296, stack(0x00000000183d0000,0x00000000184d0000)]
  0x000000000270d000 JavaThread "Reference Handler" daemon [_thread_blocked, id=9824, stack(0x00000000182d0000,0x00000000183d0000)]
  0x0000000002620800 JavaThread "main" [_thread_blocked, id=5420, stack(0x00000000024e0000,0x00000000025e0000)]

Other Threads:
  0x0000000017137800 VMThread [stack: 0x00000000181d0000,0x00000000182d0000] [id=12396]
  0x00000000188c9000 WatcherThread [stack: 0x0000000018fb0000,0x00000000190b0000] [id=10412]

VM state:not at safepoint (normal execution)

VM Mutex/Monitor currently owned by a thread: None

Heap:
 PSYoungGen      total 559616K, used 222485K [0x00000000d6600000, 0x00000000fc880000, 0x0000000100000000)
  eden space 559104K, 39% used [0x00000000d6600000,0x00000000e3edd7e8,0x00000000f8800000)
  from space 512K, 81% used [0x00000000fc800000,0x00000000fc868000,0x00000000fc880000)
  to   space 3072K, 0% used [0x00000000fc280000,0x00000000fc280000,0x00000000fc580000)
 ParOldGen       total 76800K, used 37863K [0x0000000083200000, 0x0000000087d00000, 0x00000000d6600000)
  object space 76800K, 49% used [0x0000000083200000,0x00000000856f9c80,0x0000000087d00000)
 Metaspace       used 20186K, capacity 21000K, committed 21248K, reserved 1067008K
  class space    used 2813K, capacity 2998K, committed 3072K, reserved 1048576K

Card table byte_map: [0x0000000011ae0000,0x0000000011ed0000] byte_map_base: 0x00000000116c7000

Marking Bits: (ParMarkBitMap*) 0x000000006a1e0600
 Begin Bits: [0x0000000012570000, 0x00000000144a8000)
 End Bits:   [0x00000000144a8000, 0x00000000163e0000)

Polling page: 0x00000000004e0000

CodeCache: size=245760Kb used=7466Kb max_used=7466Kb free=238293Kb
 bounds [0x0000000002720000, 0x0000000002e80000, 0x0000000011720000]
 total_blobs=3295 nmethods=2593 adapters=614
 compilation: enabled

Compilation events (10 events):
Event: 34.564 Thread 0x00000000188b3000 nmethod 2900 0x00000000029753d0 code [0x0000000002975540, 0x0000000002975868]
Event: 34.564 Thread 0x00000000188b3000 2901       3       java.lang.Throwable::<init> (29 bytes)
Event: 34.564 Thread 0x00000000188b3000 nmethod 2901 0x0000000002e68a90 code [0x0000000002e68c00, 0x0000000002e68ec8]
Event: 34.564 Thread 0x00000000188b3000 2902   !   3       motorControl.MotorControl::getTraget (45 bytes)
Event: 34.565 Thread 0x00000000188b3000 nmethod 2902 0x0000000002e68f90 code [0x0000000002e69120, 0x0000000002e694b8]
Event: 34.566 Thread 0x00000000188b3000 2903       3       java.lang.NullPointerException::<init> (5 bytes)
Event: 34.566 Thread 0x00000000188b3000 nmethod 2903 0x0000000002e69710 code [0x0000000002e69880, 0x0000000002e69ac8]
Event: 34.566 Thread 0x00000000188b3000 2904       3       java.lang.RuntimeException::<init> (5 bytes)
Event: 34.567 Thread 0x00000000188b3000 nmethod 2904 0x0000000002e69bd0 code [0x0000000002e69d60, 0x0000000002e6a0c8]
Event: 34.567 Thread 0x00000000188b3000 2905       3       imageAqcuisition.imageInputSource.SerialCamera::isReady (7 bytes)

GC Heap History (10 events):
Event: 33.304 GC heap before
{Heap before GC invocations=202 (full 2):
 PSYoungGen      total 460800K, used 458656K [0x00000000d6600000, 0x00000000fce00000, 0x0000000100000000)
  eden space 458240K, 100% used [0x00000000d6600000,0x00000000f2580000,0x00000000f2580000)
  from space 2560K, 16% used [0x00000000fc900000,0x00000000fc968000,0x00000000fcb80000)
  to   space 2560K, 0% used [0x00000000fcb80000,0x00000000fcb80000,0x00000000fce00000)
 ParOldGen       total 76800K, used 37207K [0x0000000083200000, 0x0000000087d00000, 0x00000000d6600000)
  object space 76800K, 48% used [0x0000000083200000,0x0000000085655c80,0x0000000087d00000)
 Metaspace       used 20109K, capacity 20860K, committed 20992K, reserved 1067008K
  class space    used 2806K, capacity 2996K, committed 3072K, reserved 1048576K
Event: 33.305 GC heap after
Heap after GC invocations=202 (full 2):
 PSYoungGen      total 478720K, used 1252K [0x00000000d6600000, 0x00000000fcd00000, 0x0000000100000000)
  eden space 477184K, 0% used [0x00000000d6600000,0x00000000d6600000,0x00000000f3800000)
  from space 1536K, 81% used [0x00000000fcb80000,0x00000000fccb9010,0x00000000fcd00000)
  to   space 2560K, 0% used [0x00000000fc800000,0x00000000fc800000,0x00000000fca80000)
 ParOldGen       total 76800K, used 37215K [0x0000000083200000, 0x0000000087d00000, 0x00000000d6600000)
  object space 76800K, 48% used [0x0000000083200000,0x0000000085657c80,0x0000000087d00000)
 Metaspace       used 20109K, capacity 20860K, committed 20992K, reserved 1067008K
  class space    used 2806K, capacity 2996K, committed 3072K, reserved 1048576K
}
Event: 33.582 GC heap before
{Heap before GC invocations=203 (full 2):
 PSYoungGen      total 478720K, used 478052K [0x00000000d6600000, 0x00000000fcd00000, 0x0000000100000000)
  eden space 477184K, 99% used [0x00000000d6600000,0x00000000f37a0198,0x00000000f3800000)
  from space 1536K, 81% used [0x00000000fcb80000,0x00000000fccb9010,0x00000000fcd00000)
  to   space 2560K, 0% used [0x00000000fc800000,0x00000000fc800000,0x00000000fca80000)
 ParOldGen       total 76800K, used 37215K [0x0000000083200000, 0x0000000087d00000, 0x00000000d6600000)
  object space 76800K, 48% used [0x0000000083200000,0x0000000085657c80,0x0000000087d00000)
 Metaspace       used 20117K, capacity 20860K, committed 20992K, reserved 1067008K
  class space    used 2806K, capacity 2996K, committed 3072K, reserved 1048576K
Event: 33.583 GC heap after
Heap after GC invocations=203 (full 2):
 PSYoungGen      total 499712K, used 2544K [0x00000000d6600000, 0x00000000fcc00000, 0x0000000100000000)
  eden space 497152K, 0% used [0x00000000d6600000,0x00000000d6600000,0x00000000f4b80000)
  from space 2560K, 99% used [0x00000000fc800000,0x00000000fca7c010,0x00000000fca80000)
  to   space 1536K, 0% used [0x00000000fca80000,0x00000000fca80000,0x00000000fcc00000)
 ParOldGen       total 76800K, used 37831K [0x0000000083200000, 0x0000000087d00000, 0x00000000d6600000)
  object space 76800K, 49% used [0x0000000083200000,0x00000000856f1c80,0x0000000087d00000)
 Metaspace       used 20117K, capacity 20860K, committed 20992K, reserved 1067008K
  class space    used 2806K, capacity 2996K, committed 3072K, reserved 1048576K
}
Event: 33.869 GC heap before
{Heap before GC invocations=204 (full 2):
 PSYoungGen      total 499712K, used 499689K [0x00000000d6600000, 0x00000000fcc00000, 0x0000000100000000)
  eden space 497152K, 99% used [0x00000000d6600000,0x00000000f4b7e4d0,0x00000000f4b80000)
  from space 2560K, 99% used [0x00000000fc800000,0x00000000fca7c010,0x00000000fca80000)
  to   space 1536K, 0% used [0x00000000fca80000,0x00000000fca80000,0x00000000fcc00000)
 ParOldGen       total 76800K, used 37831K [0x0000000083200000, 0x0000000087d00000, 0x00000000d6600000)
  object space 76800K, 49% used [0x0000000083200000,0x00000000856f1c80,0x0000000087d00000)
 Metaspace       used 20117K, capacity 20860K, committed 20992K, reserved 1067008K
  class space    used 2806K, capacity 2996K, committed 3072K, reserved 1048576K
Event: 33.870 GC heap after
Heap after GC invocations=204 (full 2):
 PSYoungGen      total 518656K, used 1284K [0x00000000d6600000, 0x00000000fcc00000, 0x0000000100000000)
  eden space 517120K, 0% used [0x00000000d6600000,0x00000000d6600000,0x00000000f5f00000)
  from space 1536K, 83% used [0x00000000fca80000,0x00000000fcbc1010,0x00000000fcc00000)
  to   space 3072K, 0% used [0x00000000fc600000,0x00000000fc600000,0x00000000fc900000)
 ParOldGen       total 76800K, used 37855K [0x0000000083200000, 0x0000000087d00000, 0x00000000d6600000)
  object space 76800K, 49% used [0x0000000083200000,0x00000000856f7c80,0x0000000087d00000)
 Metaspace       used 20117K, capacity 20860K, committed 20992K, reserved 1067008K
  class space    used 2806K, capacity 2996K, committed 3072K, reserved 1048576K
}
Event: 34.155 GC heap before
{Heap before GC invocations=205 (full 2):
 PSYoungGen      total 518656K, used 517769K [0x00000000d6600000, 0x00000000fcc00000, 0x0000000100000000)
  eden space 517120K, 99% used [0x00000000d6600000,0x00000000f5e61530,0x00000000f5f00000)
  from space 1536K, 83% used [0x00000000fca80000,0x00000000fcbc1010,0x00000000fcc00000)
  to   space 3072K, 0% used [0x00000000fc600000,0x00000000fc600000,0x00000000fc900000)
 ParOldGen       total 76800K, used 37855K [0x0000000083200000, 0x0000000087d00000, 0x00000000d6600000)
  object space 76800K, 49% used [0x0000000083200000,0x00000000856f7c80,0x0000000087d00000)
 Metaspace       used 20117K, capacity 20860K, committed 20992K, reserved 1067008K
  class space    used 2806K, capacity 2996K, committed 3072K, reserved 1048576K
Event: 34.156 GC heap after
Heap after GC invocations=205 (full 2):
 PSYoungGen      total 538624K, used 416K [0x00000000d6600000, 0x00000000fcb00000, 0x0000000100000000)
  eden space 538112K, 0% used [0x00000000d6600000,0x00000000d6600000,0x00000000f7380000)
  from space 512K, 81% used [0x00000000fc600000,0x00000000fc668000,0x00000000fc680000)
  to   space 3072K, 0% used [0x00000000fc800000,0x00000000fc800000,0x00000000fcb00000)
 ParOldGen       total 76800K, used 37855K [0x0000000083200000, 0x0000000087d00000, 0x00000000d6600000)
  object space 76800K, 49% used [0x0000000083200000,0x00000000856f7c80,0x0000000087d00000)
 Metaspace       used 20117K, capacity 20860K, committed 20992K, reserved 1067008K
  class space    used 2806K, capacity 2996K, committed 3072K, reserved 1048576K
}
Event: 34.445 GC heap before
{Heap before GC invocations=206 (full 2):
 PSYoungGen      total 538624K, used 538033K [0x00000000d6600000, 0x00000000fcb00000, 0x0000000100000000)
  eden space 538112K, 99% used [0x00000000d6600000,0x00000000f73047e8,0x00000000f7380000)
  from space 512K, 81% used [0x00000000fc600000,0x00000000fc668000,0x00000000fc680000)
  to   space 3072K, 0% used [0x00000000fc800000,0x00000000fc800000,0x00000000fcb00000)
 ParOldGen       total 76800K, used 37855K [0x0000000083200000, 0x0000000087d00000, 0x00000000d6600000)
  object space 76800K, 49% used [0x0000000083200000,0x00000000856f7c80,0x0000000087d00000)
 Metaspace       used 20118K, capacity 20860K, committed 20992K, reserved 1067008K
  class space    used 2806K, capacity 2996K, committed 3072K, reserved 1048576K
Event: 34.446 GC heap after
Heap after GC invocations=206 (full 2):
 PSYoungGen      total 559616K, used 416K [0x00000000d6600000, 0x00000000fc880000, 0x0000000100000000)
  eden space 559104K, 0% used [0x00000000d6600000,0x00000000d6600000,0x00000000f8800000)
  from space 512K, 81% used [0x00000000fc800000,0x00000000fc868000,0x00000000fc880000)
  to   space 3072K, 0% used [0x00000000fc280000,0x00000000fc280000,0x00000000fc580000)
 ParOldGen       total 76800K, used 37863K [0x0000000083200000, 0x0000000087d00000, 0x00000000d6600000)
  object space 76800K, 49% used [0x0000000083200000,0x00000000856f9c80,0x0000000087d00000)
 Metaspace       used 20118K, capacity 20860K, committed 20992K, reserved 1067008K
  class space    used 2806K, capacity 2996K, committed 3072K, reserved 1048576K
}

Deoptimization events (10 events):
Event: 1.087 Thread 0x00000000194d3000 Uncommon trap: reason=bimorphic action=maybe_recompile pc=0x0000000002bd15e0 method=java.util.HashMap.putVal(ILjava/lang/Object;Ljava/lang/Object;ZZ)Ljava/lang/Object; @ 203
Event: 2.024 Thread 0x0000000018caa800 Uncommon trap: reason=unstable_if action=reinterpret pc=0x0000000002993be8 method=jdk.internal.org.objectweb.asm.Type.getArgumentsAndReturnSizes(Ljava/lang/String;)I @ 47
Event: 12.276 Thread 0x0000000018caa800 Uncommon trap: reason=class_check action=maybe_recompile pc=0x0000000002cd6b0c method=javafx.scene.Node.updateLocalToParentTransform()V @ 209
Event: 21.296 Thread 0x0000000018caa800 Uncommon trap: reason=class_check action=maybe_recompile pc=0x0000000002cd6b0c method=javafx.scene.Node.updateLocalToParentTransform()V @ 209
Event: 23.438 Thread 0x000000001961a800 Uncommon trap: reason=unstable_if action=reinterpret pc=0x0000000002c82af8 method=imageProcessing.ImageProcessor.average([[IIIIII)D @ 63
Event: 23.438 Thread 0x0000000019617800 Uncommon trap: reason=unstable_if action=reinterpret pc=0x00000000029d0a24 method=imageProcessing.ImageProcessor.overlayImage(Ljava/nio/ByteBuffer;)Ljava/nio/ByteBuffer; @ 220
Event: 23.444 Thread 0x000000001961a800 Uncommon trap: reason=unstable_if action=reinterpret pc=0x0000000002a8e498 method=imageProcessing.ImageProcessor.average([[IIIIII)D @ 47
Event: 23.783 Thread 0x000000001961a800 Uncommon trap: reason=unstable_if action=reinterpret pc=0x000000000299a15c method=imageProcessing.ImageProcessor.threshold([B)[[Z @ 14
Event: 24.138 Thread 0x000000001961a800 Uncommon trap: reason=unstable_if action=reinterpret pc=0x0000000002878404 method=imageProcessing.ImageProcessor.threshold([B)[[Z @ 74
Event: 24.753 Thread 0x0000000019617800 Uncommon trap: reason=unstable_if action=reinterpret pc=0x0000000002de418c method=java.util.concurrent.LinkedBlockingQueue.peek()Ljava/lang/Object; @ 7

Internal exceptions (10 events):
Event: 34.567 Thread 0x0000000019562000 Exception <a 'java/lang/NullPointerException'> (0x00000000e3dec1f0) thrown at [D:\re\puppet\workspace\8-2-build-windows-amd64-cygwin\jdk8u73\6086\hotspot\src\share\vm\runtime\sharedRuntime.cpp, line 605]
Event: 34.567 Thread 0x0000000019562000 Implicit null exception at 0x0000000002e69297 to 0x0000000002e6938f
Event: 34.567 Thread 0x0000000019562000 Exception <a 'java/lang/NullPointerException'> (0x00000000e3dec450) thrown at [D:\re\puppet\workspace\8-2-build-windows-amd64-cygwin\jdk8u73\6086\hotspot\src\share\vm\runtime\sharedRuntime.cpp, line 605]
Event: 34.567 Thread 0x0000000019562000 Implicit null exception at 0x0000000002e69297 to 0x0000000002e6938f
Event: 34.567 Thread 0x0000000019562000 Exception <a 'java/lang/NullPointerException'> (0x00000000e3dec700) thrown at [D:\re\puppet\workspace\8-2-build-windows-amd64-cygwin\jdk8u73\6086\hotspot\src\share\vm\runtime\sharedRuntime.cpp, line 605]
Event: 34.567 Thread 0x0000000019562000 Implicit null exception at 0x0000000002e69297 to 0x0000000002e6938f
Event: 34.567 Thread 0x0000000019562000 Exception <a 'java/lang/NullPointerException'> (0x00000000e3dec960) thrown at [D:\re\puppet\workspace\8-2-build-windows-amd64-cygwin\jdk8u73\6086\hotspot\src\share\vm\runtime\sharedRuntime.cpp, line 605]
Event: 34.567 Thread 0x0000000019562000 Implicit null exception at 0x0000000002e69297 to 0x0000000002e6938f
Event: 34.567 Thread 0x0000000019562000 Exception <a 'java/lang/NullPointerException'> (0x00000000e3decbc0) thrown at [D:\re\puppet\workspace\8-2-build-windows-amd64-cygwin\jdk8u73\6086\hotspot\src\share\vm\runtime\sharedRuntime.cpp, line 605]
Event: 34.567 Thread 0x0000000019562000 Implicit null exception at 0x0000000002e69297 to 0x0000000002e6938f

Events (10 events):
Event: 34.561 loading class java/lang/ProcessImpl
Event: 34.561 loading class java/lang/Process
Event: 34.561 loading class java/lang/Process done
Event: 34.561 loading class java/lang/ProcessImpl done
Event: 34.563 loading class java/lang/ProcessImpl$2
Event: 34.563 loading class java/lang/ProcessImpl$2 done
Event: 34.564 loading class java/lang/ProcessBuilder$NullInputStream
Event: 34.564 loading class java/lang/ProcessBuilder$NullInputStream done
Event: 34.564 Thread 0x0000000019614800 Thread exited: 0x0000000019614800
Event: 34.566 Thread 0x0000000018c6e000 Thread exited: 0x0000000018c6e000


Dynamic libraries:
0x00007ff692300000 - 0x00007ff692337000 	C:\Program Files\Java\jdk1.8.0_73\jre\bin\java.exe
0x00007ffec3d70000 - 0x00007ffec3f31000 	C:\Windows\SYSTEM32\ntdll.dll
0x00007ffec11e0000 - 0x00007ffec128d000 	C:\Windows\system32\KERNEL32.DLL
0x00007ffec0ca0000 - 0x00007ffec0e88000 	C:\Windows\system32\KERNELBASE.dll
0x00007ffec3570000 - 0x00007ffec3617000 	C:\Windows\system32\ADVAPI32.dll
0x00007ffec3370000 - 0x00007ffec340d000 	C:\Windows\system32\msvcrt.dll
0x00007ffec1690000 - 0x00007ffec16eb000 	C:\Windows\system32\sechost.dll
0x00007ffec3c50000 - 0x00007ffec3d6c000 	C:\Windows\system32\RPCRT4.dll
0x00007ffec3a50000 - 0x00007ffec3ba6000 	C:\Windows\system32\USER32.dll
0x00007ffec1290000 - 0x00007ffec1416000 	C:\Windows\system32\GDI32.dll
0x00007ffebade0000 - 0x00007ffebb054000 	C:\Windows\WinSxS\amd64_microsoft.windows.common-controls_6595b64144ccf1df_6.0.10586.0_none_8c15ae12515e1c22\COMCTL32.dll
0x00007ffec1890000 - 0x00007ffec1b0d000 	C:\Windows\system32\combase.dll
0x00007ffec0c30000 - 0x00007ffec0c9a000 	C:\Windows\system32\bcryptPrimitives.dll
0x00007ffec1850000 - 0x00007ffec188b000 	C:\Windows\system32\IMM32.DLL
0x00000000698f0000 - 0x00000000699c2000 	C:\Program Files\Java\jdk1.8.0_73\jre\bin\msvcr100.dll
0x00000000699d0000 - 0x000000006a260000 	C:\Program Files\Java\jdk1.8.0_73\jre\bin\server\jvm.dll
0x00007ffec1170000 - 0x00007ffec1178000 	C:\Windows\system32\PSAPI.DLL
0x00007ffebb060000 - 0x00007ffebb06a000 	C:\Windows\SYSTEM32\VERSION.dll
0x00007ffebd080000 - 0x00007ffebd089000 	C:\Windows\SYSTEM32\WSOCK32.dll
0x00007ffebe610000 - 0x00007ffebe633000 	C:\Windows\SYSTEM32\WINMM.dll
0x00007ffec1be0000 - 0x00007ffec1c4b000 	C:\Windows\system32\WS2_32.dll
0x00007ffebe5b0000 - 0x00007ffebe5dc000 	C:\Windows\SYSTEM32\WINMMBASE.dll
0x00007ffec0420000 - 0x00007ffec0463000 	C:\Windows\system32\cfgmgr32.dll
0x00000000698a0000 - 0x00000000698af000 	C:\Program Files\Java\jdk1.8.0_73\jre\bin\verify.dll
0x0000000069870000 - 0x0000000069899000 	C:\Program Files\Java\jdk1.8.0_73\jre\bin\java.dll
0x0000000069850000 - 0x0000000069866000 	C:\Program Files\Java\jdk1.8.0_73\jre\bin\zip.dll
0x00007ffec1c50000 - 0x00007ffec31ac000 	C:\Windows\system32\SHELL32.dll
0x00007ffec05e0000 - 0x00007ffec0c24000 	C:\Windows\system32\windows.storage.dll
0x00007ffec1180000 - 0x00007ffec11d2000 	C:\Windows\system32\shlwapi.dll
0x00007ffec0410000 - 0x00007ffec041f000 	C:\Windows\system32\kernel.appcore.dll
0x00007ffec0520000 - 0x00007ffec05d5000 	C:\Windows\system32\shcore.dll
0x00007ffec03a0000 - 0x00007ffec03eb000 	C:\Windows\system32\powrprof.dll
0x00007ffec03f0000 - 0x00007ffec0404000 	C:\Windows\system32\profapi.dll
0x00007ffe898a0000 - 0x00007ffe8998f000 	C:\Program Files\Java\jdk1.8.0_73\jre\bin\msvcr120.dll
0x00007ffe87820000 - 0x00007ffe878c6000 	C:\Program Files\Java\jdk1.8.0_73\jre\bin\msvcp120.dll
0x0000000069560000 - 0x0000000069583000 	C:\Program Files\Java\jdk1.8.0_73\jre\bin\prism_d3d.dll
0x00007ffead190000 - 0x00007ffead3a0000 	C:\Windows\system32\d3d9.dll
0x00007ffebe4d0000 - 0x00007ffebe4f2000 	C:\Windows\SYSTEM32\dwmapi.dll
0x00007ffebedc0000 - 0x00007ffebee56000 	C:\Windows\system32\uxtheme.dll
0x00007ffec3620000 - 0x00007ffec3a49000 	C:\Windows\system32\SETUPAPI.dll
0x00007ffec1b10000 - 0x00007ffec1bd1000 	C:\Windows\system32\OLEAUT32.dll
0x00007ffec3420000 - 0x00007ffec3563000 	C:\Windows\system32\ole32.dll
0x0000000069510000 - 0x0000000069553000 	C:\Program Files\Java\jdk1.8.0_73\jre\bin\glass.dll
0x00007ffec3260000 - 0x00007ffec336b000 	C:\Windows\system32\COMDLG32.dll
0x00007ffec0ef0000 - 0x00007ffec0f76000 	C:\Windows\system32\FirewallAPI.dll
0x00007ffec0f80000 - 0x00007ffec0f97000 	C:\Windows\system32\NETAPI32.dll
0x00007ffebe6c0000 - 0x00007ffebe6cc000 	C:\Windows\SYSTEM32\DAVHLPR.DLL
0x00007ffebf110000 - 0x00007ffebf142000 	C:\Windows\SYSTEM32\fwbase.dll
0x00007ffec16f0000 - 0x00007ffec184a000 	C:\Windows\system32\MSCTF.dll
0x00000000694f0000 - 0x0000000069504000 	C:\Program Files\Java\jdk1.8.0_73\jre\bin\javafx_font.dll
0x00007ffeb1d10000 - 0x00007ffeb1f70000 	C:\Windows\SYSTEM32\dwrite.dll
0x00007ffec31b0000 - 0x00007ffec3257000 	C:\Windows\system32\clbcatq.dll
0x00007ffebd130000 - 0x00007ffebd2e1000 	C:\Windows\SYSTEM32\WindowsCodecs.dll
0x00007ffeb1940000 - 0x00007ffeb198a000 	C:\Windows\system32\dataexchange.dll
0x00007ffebe150000 - 0x00007ffebe3f8000 	C:\Windows\system32\d3d11.dll
0x00007ffebe790000 - 0x00007ffebe873000 	C:\Windows\system32\dcomp.dll
0x00007ffebdf90000 - 0x00007ffebe032000 	C:\Windows\system32\dxgi.dll
0x00007ffebeeb0000 - 0x00007ffebefb0000 	C:\Windows\system32\twinapi.appcore.dll
0x00007ffec02c0000 - 0x00007ffec02e9000 	C:\Windows\system32\bcrypt.dll
0x00007ffea4920000 - 0x00007ffea4954000 	C:\Program Files\Common Files\Microsoft Shared\Ink\rtscom.dll
0x00007ffebfd10000 - 0x00007ffebfd27000 	C:\Windows\SYSTEM32\CRYPTSP.dll
0x00007ffebf9a0000 - 0x00007ffebf9d4000 	C:\Windows\system32\rsaenh.dll
0x00007ffebfaf0000 - 0x00007ffebfb0f000 	C:\Windows\SYSTEM32\USERENV.dll
0x00007ffec02b0000 - 0x00007ffec02bb000 	C:\Windows\SYSTEM32\CRYPTBASE.dll
0x00000000694d0000 - 0x00000000694e1000 	C:\Program Files\Java\jdk1.8.0_73\jre\bin\prism_common.dll
0x0000000069830000 - 0x000000006984a000 	C:\Program Files\Java\jdk1.8.0_73\jre\bin\net.dll
0x00007ffebfc60000 - 0x00007ffebfcbc000 	C:\Windows\system32\mswsock.dll
0x00007ffebaaa0000 - 0x00007ffebaad8000 	C:\Windows\SYSTEM32\IPHLPAPI.DLL
0x00007ffec3c40000 - 0x00007ffec3c48000 	C:\Windows\system32\NSI.dll
0x00007ffeb94c0000 - 0x00007ffeb94d6000 	C:\Windows\SYSTEM32\dhcpcsvc6.DLL
0x00007ffeb9450000 - 0x00007ffeb946a000 	C:\Windows\SYSTEM32\dhcpcsvc.DLL
0x0000000069810000 - 0x0000000069821000 	C:\Program Files\Java\jdk1.8.0_73\jre\bin\nio.dll
0x00007ffeb3790000 - 0x00007ffeb37b9000 	C:\Users\Travis Shao\AppData\Local\Temp\BridJExtractedLibraries780463409799940976\bridj.dll
0x00007ffe99ba0000 - 0x00007ffe99bd6000 	C:\Users\TRAVIS~1\AppData\Local\Temp\BridJExtractedLibraries780463409799940976\OpenIMAJGrabber.dll
0x00007ffeb46e0000 - 0x00007ffeb46f8000 	C:\Windows\System32\devenum.dll
0x00007ffebf880000 - 0x00007ffebf8b1000 	C:\Windows\SYSTEM32\ntmarta.dll
0x00007ffebee60000 - 0x00007ffebee87000 	C:\Windows\SYSTEM32\DEVOBJ.dll
0x00007ffec0e90000 - 0x00007ffec0ee5000 	C:\Windows\system32\WINTRUST.dll
0x00007ffec0390000 - 0x00007ffec03a0000 	C:\Windows\system32\MSASN1.dll
0x00007ffec0fa0000 - 0x00007ffec1168000 	C:\Windows\system32\CRYPT32.dll
0x00007ffeb5790000 - 0x00007ffeb579a000 	C:\Windows\SYSTEM32\msdmo.dll
0x0000000069670000 - 0x0000000069808000 	C:\Program Files\Java\jdk1.8.0_73\jre\bin\awt.dll
0x00007ffebeb80000 - 0x00007ffebebf9000 	C:\Windows\system32\apphelp.dll
0x0000000022870000 - 0x0000000022895000 	C:\Users\Travis Shao\.jssc\windows\jSSC-2.6_x86_64.dll
0x00000000694a0000 - 0x00000000694c3000 	C:\Program Files\Java\jdk1.8.0_73\jre\bin\javafx_iio.dll
0x00007ffe99b60000 - 0x00007ffe99b94000 	C:\Windows\System32\qcap.dll
0x00007ffe81700000 - 0x00007ffe818ce000 	C:\Windows\System32\quartz.dll
0x00007ffe9a7b0000 - 0x00007ffe9a7ff000 	C:\Windows\System32\ksproxy.ax
0x00007ffeb34a0000 - 0x00007ffeb34a8000 	C:\Windows\System32\ksuser.dll
0x00007ffebe0f0000 - 0x00007ffebe145000 	C:\Windows\SYSTEM32\policymanager.dll
0x00007ffebdd60000 - 0x00007ffebddf2000 	C:\Windows\System32\msvcp110_win.dll
0x00007ffeb3490000 - 0x00007ffeb349e000 	C:\Windows\System32\vidcap.ax
0x00007ffe9f200000 - 0x00007ffe9f227000 	C:\Windows\System32\kswdmcap.ax
0x00007ffe90ab0000 - 0x00007ffe90c20000 	C:\Windows\System32\MFC42.dll
0x00007ffe95dc0000 - 0x00007ffe95e70000 	C:\Windows\System32\ODBC32.dll
0x00007ffebf9e0000 - 0x00007ffebf9ea000 	C:\Windows\System32\DPAPI.dll
0x00007ffe87250000 - 0x00007ffe872fb000 	C:\Windows\System32\qedit.dll
0x00007ffeb3630000 - 0x00007ffeb3659000 	C:\Windows\System32\MSVFW32.dll
0x00007ffeb9160000 - 0x00007ffeb9308000 	C:\Windows\WinSxS\amd64_microsoft.windows.gdiplus_6595b64144ccf1df_1.1.10586.20_none_db007f1392e69ef4\gdiplus.dll
0x00007ffea49b0000 - 0x00007ffea4aaa000 	C:\Windows\System32\DDRAW.dll
0x00007ffeb31e0000 - 0x00007ffeb31e8000 	C:\Windows\System32\DCIMAN32.dll
0x00007ffebbba0000 - 0x00007ffebbbac000 	C:\Windows\SYSTEM32\msyuv.dll
0x00007ffebde00000 - 0x00007ffebdf86000 	C:\Windows\system32\propsys.dll
0x00007ffe8acc0000 - 0x00007ffe8ad63000 	C:\Program Files\Common Files\microsoft shared\ink\tiptsf.dll
0x00007ffe9a6f0000 - 0x00007ffe9a740000 	C:\Windows\SYSTEM32\edputil.dll
0x00007ffea2740000 - 0x00007ffea2be0000 	C:\Windows\system32\explorerframe.dll
0x00007ffe8bfd0000 - 0x00007ffe8c183000 	C:\Windows\system32\DUI70.dll
0x00007ffebaba0000 - 0x00007ffebac38000 	C:\Windows\system32\DUser.dll
0x00007ffeace10000 - 0x00007ffeace5d000 	C:\Windows\System32\thumbcache.dll
0x00007ffeb0dc0000 - 0x00007ffeb0f45000 	C:\Windows\System32\Windows.Globalization.dll
0x00007ffebdb10000 - 0x00007ffebdb77000 	C:\Windows\System32\Bcp47Langs.dll
0x00007ffebace0000 - 0x00007ffebad10000 	C:\Windows\SYSTEM32\globinputhost.dll
0x00007ffe92160000 - 0x00007ffe9220a000 	C:\Windows\System32\StructuredQuery.dll
0x00007ffebc500000 - 0x00007ffebc993000 	C:\Windows\System32\ActXPrxy.dll
0x00007ffeb2900000 - 0x00007ffeb2910000 	C:\Windows\SYSTEM32\atlthunk.dll
0x00007ffe9c490000 - 0x00007ffe9c55c000 	C:\Windows\system32\Windows.Storage.Search.dll
0x00007ffec3bd0000 - 0x00007ffec3c3f000 	C:\Windows\system32\coml2.dll
0x00007ffeb1880000 - 0x00007ffeb188d000 	C:\Windows\SYSTEM32\LINKINFO.dll
0x00007ffebc140000 - 0x00007ffebc15b000 	C:\Windows\SYSTEM32\MPR.dll
0x00007ffead9c0000 - 0x00007ffeada71000 	C:\Windows\System32\twinapi.dll
0x00007ffeb2df0000 - 0x00007ffeb2dfb000 	C:\Windows\System32\drprov.dll
0x00007ffec0250000 - 0x00007ffec02a6000 	C:\Windows\System32\WINSTA.dll
0x00007ffe9aec0000 - 0x00007ffe9aed6000 	C:\Windows\System32\ntlanman.dll
0x00007ffe9acc0000 - 0x00007ffe9ace0000 	C:\Windows\System32\davclnt.dll
0x00007ffebcbd0000 - 0x00007ffebcbe6000 	C:\Windows\System32\wkscli.dll
0x00007ffea5ef0000 - 0x00007ffea5f02000 	C:\Windows\SYSTEM32\cscapi.dll
0x00007ffebf7a0000 - 0x00007ffebf7ac000 	C:\Windows\System32\netutils.dll
0x00007ffea2660000 - 0x00007ffea273b000 	C:\Windows\SYSTEM32\ntshrui.dll

VM Arguments:
jvm_args: -Dfile.encoding=UTF-8 
java_command: E:\NetBeansProjects\WormTracker\dist\run674498977\WormTracker.jar
java_class_path (initial): E:\NetBeansProjects\WormTracker\dist\run674498977\WormTracker.jar
Launcher Type: SUN_STANDARD

Environment Variables:
PATH=C:\ProgramData\Oracle\Java\javapath;C:\Program Files (x86)\Intel\iCLS Client\;C:\Program Files\Intel\iCLS Client\;C:\Windows\system32;C:\Windows;C:\Windows\System32\Wbem;C:\Windows\System32\WindowsPowerShell\v1.0\;C:\Program Files (x86)\NVIDIA Corporation\PhysX\Common;C:\Program Files (x86)\Intel\Intel(R) Management Engine Components\DAL;C:\Program Files\Intel\Intel(R) Management Engine Components\DAL;C:\Program Files (x86)\Intel\Intel(R) Management Engine Components\IPT;C:\Program Files\Intel\Intel(R) Management Engine Components\IPT;C:\Program Files (x86)\PharosSystems\Core;C:\Program Files\Intel\WiFi\bin\;C:\Program Files\Common Files\Intel\WirelessCommon\;D:\Anaconda3;D:\Anaconda3\Scripts;D:\Anaconda3\Library\bin;D:\Program Files (x86)\Skype\Phone\;C:\Program Files\Intel\WiFi\bin\;C:\Program Files\Common Files\Intel\WirelessCommon\
USERNAME=Travis Shao
OS=Windows_NT
PROCESSOR_IDENTIFIER=Intel64 Family 6 Model 78 Stepping 3, GenuineIntel



---------------  S Y S T E M  ---------------

OS: Windows 10.0 , 64 bit Build 10586 (10.0.10586.0)

CPU:total 4 (2 cores per cpu, 2 threads per core) family 6 model 78 stepping 3, cmov, cx8, fxsr, mmx, sse, sse2, sse3, ssse3, sse4.1, sse4.2, popcnt, avx, avx2, aes, clmul, erms, 3dnowpref, lzcnt, ht, tsc, tscinvbit, bmi1, bmi2, adx

Memory: 4k page, physical 8179560k(3359312k free), swap 9490280k(3957164k free)

vm_info: Java HotSpot(TM) 64-Bit Server VM (25.73-b02) for windows-amd64 JRE (1.8.0_73-b02), built on Jan 29 2016 17:38:49 by "java_re" with MS VC++ 10.0 (VS2010)

time: Mon Jun 13 14:52:59 2016
elapsed time: 34 seconds (0d 0h 0m 34s)

