#
# A fatal error has been detected by the Java Runtime Environment:
#
#  EXCEPTION_ACCESS_VIOLATION (0xc0000005) at pc=0x0000000002862b20, pid=6712, tid=6192
#
# JRE version: Java(TM) SE Runtime Environment (8.0_73-b02) (build 1.8.0_73-b02)
# Java VM: Java HotSpot(TM) 64-Bit Server VM (25.73-b02 mixed mode windows-amd64 compressed oops)
# Problematic frame:
# v  ~StubRoutines::jlong_disjoint_arraycopy
#
# Failed to write core dump. Minidumps are not enabled by default on client versions of Windows
#
# If you would like to submit a bug report, please visit:
#   http://bugreport.java.com/bugreport/crash.jsp
#

---------------  T H R E A D  ---------------

Current thread (0x0000000019889800):  JavaThread "InputViewFeed" [_thread_in_Java, id=6192, stack(0x00000000279c0000,0x0000000027ac0000)]

siginfo: ExceptionCode=0xc0000005, reading address 0x00000000273c1000

Registers:
RAX=0x00000000274a1080, RBX=0x00000000000e1000, RCX=0x00000000e75779f8, RDX=0xfffffffffffe3ff8
RSP=0x0000000027abeff0, RBP=0x0000000027abeff0, RSI=0x00000000e7496a00, RDI=0x00000000274a1078
R8 =0x000000000001c200, R9 =0x0000000000000000, R10=0x0000000000095b00, R11=0x00000000274a1080
R12=0x0000000000000000, R13=0x00000000000e1000, R14=0x0000000083e76af0, R15=0x0000000019889800
RIP=0x0000000002862b20, EFLAGS=0x0000000000010282

Top of Stack: (sp=0x0000000027abeff0)
0x0000000027abeff0:   0000000083e135c0 0000000002eda345
0x0000000027abf000:   00000000000000b2 00000000000001e0
0x0000000027abf010:   000000000004ad80 0000000000000000
0x0000000027abf020:   0000000083e135c0 0000000083e135d4
0x0000000027abf030:   0000000083e135cc 0000000083e135d0
0x0000000027abf040:   00000001002aa820 000000010002afe0
0x0000000027abf050:   0000000000000007 0000000083e76a30
0x0000000027abf060:   000e100083e76af0 0000000083e76af0
0x0000000027abf070:   00000000d7330c80 00000000e74969f0
0x0000000027abf080:   000e100000000000 00000000274a1080
0x0000000027abf090:   0000000000000009 0000000083e76a30
0x0000000027abf0a0:   0000000027abf100 0000000002817d32
0x0000000027abf0b0:   0000000083e135c0 0000000084147a98
0x0000000027abf0c0:   0000000027abf0c0 00000000168ed4fb
0x0000000027abf0d0:   0000000027abf110 0000000016973da0
0x0000000027abf0e0:   0000000000000000 00000000168ed508 

Instructions: (pc=0x0000000002862b20)
0x0000000002862b00:   e9 33 00 00 00 48 8b 44 d7 08 48 89 44 d1 08 48
0x0000000002862b10:   ff c2 75 f1 49 8b f9 49 8b f2 48 33 c0 c9 c3 90
0x0000000002862b20:   c5 fe 6f 44 d7 c8 c5 fe 7f 44 d1 c8 c5 fe 6f 4c
0x0000000002862b30:   d7 e8 c5 fe 7f 4c d1 e8 48 83 c2 08 7e e2 48 83 


Register to memory mapping:

RAX=0x00000000274a1080 is an unknown value
RBX=0x00000000000e1000 is an unknown value
RCX=0x00000000e75779f8 is an oop

[error occurred during error reporting (printing register info), id 0xc0000005]

Stack: [0x00000000279c0000,0x0000000027ac0000],  sp=0x0000000027abeff0,  free space=1019k
Native frames: (J=compiled Java code, j=interpreted, Vv=VM code, C=native code)
C  0x0000000002862b20


---------------  P R O C E S S  ---------------

Java Threads: ( => current thread )
  0x000000001988e000 JavaThread "shutdown-hook-1" [_thread_blocked, id=1012, stack(0x000000002bdf0000,0x000000002bef0000)]
  0x000000001988c800 JavaThread "Java2D Disposer" daemon [_thread_blocked, id=5248, stack(0x000000002bcf0000,0x000000002bdf0000)]
  0x000000001988b000 JavaThread "Thread-7" [_thread_blocked, id=9012, stack(0x000000002baf0000,0x000000002bbf0000)]
  0x000000001988a800 JavaThread "Thread-8" [_thread_blocked, id=6648, stack(0x000000002b9f0000,0x000000002baf0000)]
=>0x0000000019889800 JavaThread "InputViewFeed" [_thread_in_Java, id=6192, stack(0x00000000279c0000,0x0000000027ac0000)]
  0x0000000019889000 JavaThread "Thread-6" [_thread_in_vm, id=5208, stack(0x00000000278c0000,0x00000000279c0000)]
  0x0000000019888000 JavaThread "frames-refresher-[0]" daemon [_thread_blocked, id=324, stack(0x00000000277c0000,0x00000000278c0000)]
  0x000000001988f000 JavaThread "webcam-lock-[USB2.0 VGA UVC WebCam 0]" daemon [_thread_blocked, id=1180, stack(0x00000000264f0000,0x00000000265f0000)]
  0x000000001988d800 JavaThread "webcam-discovery-service" daemon [_thread_blocked, id=10056, stack(0x0000000024d60000,0x0000000024e60000)]
  0x00000000196f1000 JavaThread "atomic-processor-1" daemon [_thread_in_native, id=8384, stack(0x00000000228e0000,0x00000000229e0000)]
  0x00000000193b1800 JavaThread "Prism Font Disposer" daemon [_thread_blocked, id=5860, stack(0x0000000020000000,0x0000000020100000)]
  0x0000000019252000 JavaThread "Thread-3" daemon [_thread_in_native, id=7160, stack(0x000000001e340000,0x000000001e440000)]
  0x000000001928b800 JavaThread "JavaFX-Launcher" [_thread_blocked, id=508, stack(0x000000001e440000,0x000000001e540000)]
  0x000000001921d800 JavaThread "JavaFX Application Thread" [_thread_blocked, id=6972, stack(0x0000000019cb0000,0x0000000019db0000)]
  0x00000000191d2000 JavaThread "Thread-1" daemon [_thread_blocked, id=4072, stack(0x0000000019bb0000,0x0000000019cb0000)]
  0x0000000018a4a800 JavaThread "Service Thread" daemon [_thread_blocked, id=2576, stack(0x0000000018fb0000,0x00000000190b0000)]
  0x00000000172be800 JavaThread "C1 CompilerThread2" daemon [_thread_blocked, id=4984, stack(0x0000000018eb0000,0x0000000018fb0000)]
  0x00000000172bd800 JavaThread "C2 CompilerThread1" daemon [_thread_blocked, id=9116, stack(0x0000000018db0000,0x0000000018eb0000)]
  0x00000000172bb000 JavaThread "C2 CompilerThread0" daemon [_thread_blocked, id=5964, stack(0x00000000188b0000,0x00000000189b0000)]
  0x00000000172b9800 JavaThread "Attach Listener" daemon [_thread_blocked, id=1124, stack(0x00000000187b0000,0x00000000188b0000)]
  0x000000001726f000 JavaThread "Signal Dispatcher" daemon [_thread_blocked, id=8804, stack(0x00000000186b0000,0x00000000187b0000)]
  0x0000000002808800 JavaThread "Finalizer" daemon [_thread_blocked, id=8920, stack(0x00000000184d0000,0x00000000185d0000)]
  0x0000000017229000 JavaThread "Reference Handler" daemon [_thread_blocked, id=5152, stack(0x00000000183d0000,0x00000000184d0000)]
  0x0000000002710800 JavaThread "main" [_thread_blocked, id=9596, stack(0x0000000002530000,0x0000000002630000)]

Other Threads:
  0x0000000017227800 VMThread [stack: 0x00000000182d0000,0x00000000183d0000] [id=7944]
  0x0000000018a7e000 WatcherThread [stack: 0x00000000190b0000,0x00000000191b0000] [id=7916]

VM state:not at safepoint (normal execution)

VM Mutex/Monitor currently owned by a thread: None

Heap:
 PSYoungGen      total 617984K, used 280392K [0x00000000d6600000, 0x00000000fca00000, 0x0000000100000000)
  eden space 615424K, 45% used [0x00000000d6600000,0x00000000e77729b8,0x00000000fbf00000)
  from space 2560K, 15% used [0x00000000fbf00000,0x00000000fbf60000,0x00000000fc180000)
  to   space 2560K, 0% used [0x00000000fc780000,0x00000000fc780000,0x00000000fca00000)
 ParOldGen       total 86528K, used 15971K [0x0000000083200000, 0x0000000088680000, 0x00000000d6600000)
  object space 86528K, 18% used [0x0000000083200000,0x0000000084198ce0,0x0000000088680000)
 Metaspace       used 20073K, capacity 20924K, committed 21248K, reserved 1067008K
  class space    used 2814K, capacity 2998K, committed 3072K, reserved 1048576K

Card table byte_map: [0x0000000011bd0000,0x0000000011fc0000] byte_map_base: 0x00000000117b7000

Marking Bits: (ParMarkBitMap*) 0x0000000075780600
 Begin Bits: [0x0000000012660000, 0x0000000014598000)
 End Bits:   [0x0000000014598000, 0x00000000164d0000)

Polling page: 0x0000000002020000

CodeCache: size=245760Kb used=7214Kb max_used=7245Kb free=238545Kb
 bounds [0x0000000002810000, 0x0000000002f30000, 0x0000000011810000]
 total_blobs=3225 nmethods=2523 adapters=614
 compilation: enabled

Compilation events (10 events):
Event: 45.344 Thread 0x00000000172be800 2805       3       java.util.zip.InflaterInputStream::<init> (79 bytes)
Event: 45.345 Thread 0x00000000172be800 nmethod 2805 0x0000000002f288d0 code [0x0000000002f28a80, 0x0000000002f29158]
Event: 45.496 Thread 0x00000000172be800 2806       3       java.util.concurrent.LinkedBlockingQueue$Node::<init> (10 bytes)
Event: 45.496 Thread 0x00000000172be800 nmethod 2806 0x000000000297bc90 code [0x000000000297bde0, 0x000000000297bfb0]
Event: 45.496 Thread 0x00000000172be800 2807       3       java.util.concurrent.atomic.AtomicInteger::getAndIncrement (12 bytes)
Event: 45.496 Thread 0x00000000172be800 nmethod 2807 0x00000000029c51d0 code [0x00000000029c5320, 0x00000000029c5470]
Event: 45.496 Thread 0x00000000172be800 2808   !   3       java.util.concurrent.LinkedBlockingQueue::offer (130 bytes)
Event: 45.498 Thread 0x00000000172be800 nmethod 2808 0x0000000002f29410 code [0x0000000002f296c0, 0x0000000002f2aca8]
Event: 45.498 Thread 0x00000000172be800 2814       3       java.util.concurrent.LinkedBlockingQueue::enqueue (14 bytes)
Event: 45.498 Thread 0x00000000172be800 nmethod 2814 0x0000000002a54890 code [0x0000000002a549e0, 0x0000000002a54b70]

GC Heap History (10 events):
Event: 44.054 GC heap before
{Heap before GC invocations=264 (full 3):
 PSYoungGen      total 561664K, used 561026K [0x00000000d6600000, 0x00000000fc980000, 0x0000000100000000)
  eden space 559104K, 99% used [0x00000000d6600000,0x00000000f87b69d0,0x00000000f8800000)
  from space 2560K, 86% used [0x00000000fc700000,0x00000000fc92a020,0x00000000fc980000)
  to   space 3072K, 0% used [0x00000000fc380000,0x00000000fc380000,0x00000000fc680000)
 ParOldGen       total 86528K, used 15891K [0x0000000083200000, 0x0000000088680000, 0x00000000d6600000)
  object space 86528K, 18% used [0x0000000083200000,0x0000000084184ce0,0x0000000088680000)
 Metaspace       used 20000K, capacity 20784K, committed 20992K, reserved 1067008K
  class space    used 2807K, capacity 2996K, committed 3072K, reserved 1048576K
Event: 44.056 GC heap after
Heap after GC invocations=264 (full 3):
 PSYoungGen      total 571904K, used 416K [0x00000000d6600000, 0x00000000fc780000, 0x0000000100000000)
  eden space 571392K, 0% used [0x00000000d6600000,0x00000000d6600000,0x00000000f9400000)
  from space 512K, 81% used [0x00000000fc380000,0x00000000fc3e8000,0x00000000fc400000)
  to   space 3072K, 0% used [0x00000000fc480000,0x00000000fc480000,0x00000000fc780000)
 ParOldGen       total 86528K, used 15907K [0x0000000083200000, 0x0000000088680000, 0x00000000d6600000)
  object space 86528K, 18% used [0x0000000083200000,0x0000000084188ce0,0x0000000088680000)
 Metaspace       used 20000K, capacity 20784K, committed 20992K, reserved 1067008K
  class space    used 2807K, capacity 2996K, committed 3072K, reserved 1048576K
}
Event: 44.369 GC heap before
{Heap before GC invocations=265 (full 3):
 PSYoungGen      total 571904K, used 571035K [0x00000000d6600000, 0x00000000fc780000, 0x0000000100000000)
  eden space 571392K, 99% used [0x00000000d6600000,0x00000000f933ee68,0x00000000f9400000)
  from space 512K, 81% used [0x00000000fc380000,0x00000000fc3e8000,0x00000000fc400000)
  to   space 3072K, 0% used [0x00000000fc480000,0x00000000fc480000,0x00000000fc780000)
 ParOldGen       total 86528K, used 15907K [0x0000000083200000, 0x0000000088680000, 0x00000000d6600000)
  object space 86528K, 18% used [0x0000000083200000,0x0000000084188ce0,0x0000000088680000)
 Metaspace       used 20000K, capacity 20784K, committed 20992K, reserved 1067008K
  class space    used 2807K, capacity 2996K, committed 3072K, reserved 1048576K
Event: 44.370 GC heap after
Heap after GC invocations=265 (full 3):
 PSYoungGen      total 585216K, used 1316K [0x00000000d6600000, 0x00000000fc600000, 0x0000000100000000)
  eden space 583680K, 0% used [0x00000000d6600000,0x00000000d6600000,0x00000000fa000000)
  from space 1536K, 85% used [0x00000000fc480000,0x00000000fc5c9010,0x00000000fc600000)
  to   space 2560K, 0% used [0x00000000fc100000,0x00000000fc100000,0x00000000fc380000)
 ParOldGen       total 86528K, used 15915K [0x0000000083200000, 0x0000000088680000, 0x00000000d6600000)
  object space 86528K, 18% used [0x0000000083200000,0x000000008418ace0,0x0000000088680000)
 Metaspace       used 20000K, capacity 20784K, committed 20992K, reserved 1067008K
  class space    used 2807K, capacity 2996K, committed 3072K, reserved 1048576K
}
Event: 44.691 GC heap before
{Heap before GC invocations=266 (full 3):
 PSYoungGen      total 585216K, used 584757K [0x00000000d6600000, 0x00000000fc600000, 0x0000000100000000)
  eden space 583680K, 99% used [0x00000000d6600000,0x00000000f9fc4558,0x00000000fa000000)
  from space 1536K, 85% used [0x00000000fc480000,0x00000000fc5c9010,0x00000000fc600000)
  to   space 2560K, 0% used [0x00000000fc100000,0x00000000fc100000,0x00000000fc380000)
 ParOldGen       total 86528K, used 15915K [0x0000000083200000, 0x0000000088680000, 0x00000000d6600000)
  object space 86528K, 18% used [0x0000000083200000,0x000000008418ace0,0x0000000088680000)
 Metaspace       used 20000K, capacity 20784K, committed 20992K, reserved 1067008K
  class space    used 2807K, capacity 2996K, committed 3072K, reserved 1048576K
Event: 44.692 GC heap after
Heap after GC invocations=266 (full 3):
 PSYoungGen      total 596480K, used 416K [0x00000000d6600000, 0x00000000fc500000, 0x0000000100000000)
  eden space 595968K, 0% used [0x00000000d6600000,0x00000000d6600000,0x00000000fac00000)
  from space 512K, 81% used [0x00000000fc100000,0x00000000fc168000,0x00000000fc180000)
  to   space 2560K, 0% used [0x00000000fc280000,0x00000000fc280000,0x00000000fc500000)
 ParOldGen       total 86528K, used 15939K [0x0000000083200000, 0x0000000088680000, 0x00000000d6600000)
  object space 86528K, 18% used [0x0000000083200000,0x0000000084190ce0,0x0000000088680000)
 Metaspace       used 20000K, capacity 20784K, committed 20992K, reserved 1067008K
  class space    used 2807K, capacity 2996K, committed 3072K, reserved 1048576K
}
Event: 44.981 GC heap before
{Heap before GC invocations=267 (full 3):
 PSYoungGen      total 596480K, used 596384K [0x00000000d6600000, 0x00000000fc500000, 0x0000000100000000)
  eden space 595968K, 100% used [0x00000000d6600000,0x00000000fac00000,0x00000000fac00000)
  from space 512K, 81% used [0x00000000fc100000,0x00000000fc168000,0x00000000fc180000)
  to   space 2560K, 0% used [0x00000000fc280000,0x00000000fc280000,0x00000000fc500000)
 ParOldGen       total 86528K, used 15939K [0x0000000083200000, 0x0000000088680000, 0x00000000d6600000)
  object space 86528K, 18% used [0x0000000083200000,0x0000000084190ce0,0x0000000088680000)
 Metaspace       used 20000K, capacity 20784K, committed 20992K, reserved 1067008K
  class space    used 2807K, capacity 2996K, committed 3072K, reserved 1048576K
Event: 44.982 GC heap after
Heap after GC invocations=267 (full 3):
 PSYoungGen      total 610304K, used 1284K [0x00000000d6600000, 0x00000000fc400000, 0x0000000100000000)
  eden space 608768K, 0% used [0x00000000d6600000,0x00000000d6600000,0x00000000fb880000)
  from space 1536K, 83% used [0x00000000fc280000,0x00000000fc3c1010,0x00000000fc400000)
  to   space 2560K, 0% used [0x00000000fbf00000,0x00000000fbf00000,0x00000000fc180000)
 ParOldGen       total 86528K, used 15955K [0x0000000083200000, 0x0000000088680000, 0x00000000d6600000)
  object space 86528K, 18% used [0x0000000083200000,0x0000000084194ce0,0x0000000088680000)
 Metaspace       used 20000K, capacity 20784K, committed 20992K, reserved 1067008K
  class space    used 2807K, capacity 2996K, committed 3072K, reserved 1048576K
}
Event: 45.315 GC heap before
{Heap before GC invocations=268 (full 3):
 PSYoungGen      total 610304K, used 609534K [0x00000000d6600000, 0x00000000fc400000, 0x0000000100000000)
  eden space 608768K, 99% used [0x00000000d6600000,0x00000000fb7fe848,0x00000000fb880000)
  from space 1536K, 83% used [0x00000000fc280000,0x00000000fc3c1010,0x00000000fc400000)
  to   space 2560K, 0% used [0x00000000fbf00000,0x00000000fbf00000,0x00000000fc180000)
 ParOldGen       total 86528K, used 15955K [0x0000000083200000, 0x0000000088680000, 0x00000000d6600000)
  object space 86528K, 18% used [0x0000000083200000,0x0000000084194ce0,0x0000000088680000)
 Metaspace       used 20000K, capacity 20784K, committed 20992K, reserved 1067008K
  class space    used 2807K, capacity 2996K, committed 3072K, reserved 1048576K
Event: 45.316 GC heap after
Heap after GC invocations=268 (full 3):
 PSYoungGen      total 617984K, used 384K [0x00000000d6600000, 0x00000000fca00000, 0x0000000100000000)
  eden space 615424K, 0% used [0x00000000d6600000,0x00000000d6600000,0x00000000fbf00000)
  from space 2560K, 15% used [0x00000000fbf00000,0x00000000fbf60000,0x00000000fc180000)
  to   space 2560K, 0% used [0x00000000fc780000,0x00000000fc780000,0x00000000fca00000)
 ParOldGen       total 86528K, used 15971K [0x0000000083200000, 0x0000000088680000, 0x00000000d6600000)
  object space 86528K, 18% used [0x0000000083200000,0x0000000084198ce0,0x0000000088680000)
 Metaspace       used 20000K, capacity 20784K, committed 20992K, reserved 1067008K
  class space    used 2807K, capacity 2996K, committed 3072K, reserved 1048576K
}

Deoptimization events (10 events):
Event: 27.441 Thread 0x000000001921d800 Uncommon trap: reason=unstable_if action=reinterpret pc=0x000000000297dbcc method=javafx.scene.Node.getLocalBounds(Lcom/sun/javafx/geom/BaseBounds;Lcom/sun/javafx/geom/transform/BaseTransform;)Lcom/sun/javafx/geom/BaseBounds; @ 25
Event: 27.442 Thread 0x000000001921d800 Uncommon trap: reason=class_check action=maybe_recompile pc=0x0000000002da258c method=javafx.scene.Node.updateLocalToParentTransform()V @ 209
Event: 28.970 Thread 0x000000001988a800 Uncommon trap: reason=unstable_if action=reinterpret pc=0x0000000002a5412c method=imageProcessing.ImageProcessor.threshold([B)[[Z @ 74
Event: 28.972 Thread 0x0000000019889800 Uncommon trap: reason=unstable_if action=reinterpret pc=0x0000000002beaf28 method=imageProcessing.ImageProcessor.overlayImage(Ljava/nio/ByteBuffer;)Ljava/nio/ByteBuffer; @ 119
Event: 28.973 Thread 0x000000001988a800 Uncommon trap: reason=unstable_if action=reinterpret pc=0x0000000002a954f8 method=imageProcessing.ImageProcessor.average([[IIIIII)D @ 63
Event: 28.987 Thread 0x000000001988a800 Uncommon trap: reason=unstable_if action=reinterpret pc=0x0000000002b7d05c method=imageProcessing.ImageProcessor.average([[IIIIII)D @ 47
Event: 28.987 Thread 0x000000001988a800 Uncommon trap: reason=unstable_if action=reinterpret pc=0x0000000002abce58 method=imageProcessing.ImageProcessor.average([[IIIIII)D @ 47
Event: 29.326 Thread 0x000000001988a800 Uncommon trap: reason=unstable_if action=reinterpret pc=0x0000000002a5499c method=imageProcessing.ImageProcessor.threshold([B)[[Z @ 14
Event: 30.705 Thread 0x0000000019889800 Uncommon trap: reason=unstable_if action=reinterpret pc=0x0000000002e652cc method=java.util.concurrent.LinkedBlockingQueue.peek()Ljava/lang/Object; @ 7
Event: 30.742 Thread 0x000000001988a800 Uncommon trap: reason=unstable_if action=reinterpret pc=0x0000000002e5f07c method=java.util.concurrent.LinkedBlockingQueue.peek()Ljava/lang/Object; @ 7

Internal exceptions (10 events):
Event: 27.302 Thread 0x0000000019889000 Exception <a 'java/lang/NullPointerException'> (0x00000000fb995028) thrown at [D:\re\puppet\workspace\8-2-build-windows-amd64-cygwin\jdk8u73\6086\hotspot\src\share\vm\interpreter\linkResolver.cpp, line 1178]
Event: 27.496 Thread 0x0000000019889000 Exception <a 'java/lang/NullPointerException'> (0x00000000f13c0880) thrown at [D:\re\puppet\workspace\8-2-build-windows-amd64-cygwin\jdk8u73\6086\hotspot\src\share\vm\interpreter\linkResolver.cpp, line 1178]
Event: 27.704 Thread 0x0000000019889000 Exception <a 'java/lang/NullPointerException'> (0x00000000d7ae42a8) thrown at [D:\re\puppet\workspace\8-2-build-windows-amd64-cygwin\jdk8u73\6086\hotspot\src\share\vm\interpreter\linkResolver.cpp, line 1178]
Event: 27.895 Thread 0x0000000019889000 Exception <a 'java/lang/NullPointerException'> (0x00000000dba364f0) thrown at [D:\re\puppet\workspace\8-2-build-windows-amd64-cygwin\jdk8u73\6086\hotspot\src\share\vm\interpreter\linkResolver.cpp, line 1178]
Event: 28.104 Thread 0x0000000019889000 Exception <a 'java/lang/NullPointerException'> (0x00000000ea6c89b0) thrown at [D:\re\puppet\workspace\8-2-build-windows-amd64-cygwin\jdk8u73\6086\hotspot\src\share\vm\interpreter\linkResolver.cpp, line 1178]
Event: 28.294 Thread 0x0000000019889000 Exception <a 'java/lang/NullPointerException'> (0x00000000e2aaddd8) thrown at [D:\re\puppet\workspace\8-2-build-windows-amd64-cygwin\jdk8u73\6086\hotspot\src\share\vm\interpreter\linkResolver.cpp, line 1178]
Event: 28.502 Thread 0x0000000019889000 Exception <a 'java/lang/NullPointerException'> (0x00000000e52272b8) thrown at [D:\re\puppet\workspace\8-2-build-windows-amd64-cygwin\jdk8u73\6086\hotspot\src\share\vm\interpreter\linkResolver.cpp, line 1178]
Event: 28.698 Thread 0x0000000019889000 Exception <a 'java/lang/NullPointerException'> (0x00000000e9ca9590) thrown at [D:\re\puppet\workspace\8-2-build-windows-amd64-cygwin\jdk8u73\6086\hotspot\src\share\vm\interpreter\linkResolver.cpp, line 1178]
Event: 28.902 Thread 0x0000000019889000 Exception <a 'java/lang/NullPointerException'> (0x00000000f09c6bc0) thrown at [D:\re\puppet\workspace\8-2-build-windows-amd64-cygwin\jdk8u73\6086\hotspot\src\share\vm\interpreter\linkResolver.cpp, line 1178]
Event: 45.342 Thread 0x0000000018aaf000 Exception <a 'java/lang/IllegalStateException'> (0x00000000d98312b0) thrown at [D:\re\puppet\workspace\8-2-build-windows-amd64-cygwin\jdk8u73\6086\hotspot\src\share\vm\prims\jvm.cpp, line 1390]

Events (10 events):
Event: 45.345 loading class java/lang/Process done
Event: 45.345 loading class java/lang/ProcessImpl done
Event: 45.347 loading class java/lang/ProcessImpl$2
Event: 45.347 loading class java/lang/ProcessImpl$2 done
Event: 45.347 loading class java/lang/ProcessBuilder$NullInputStream
Event: 45.347 loading class java/lang/ProcessBuilder$NullInputStream done
Event: 45.347 Thread 0x000000001988c000 Thread exited: 0x000000001988c000
Event: 45.348 Thread 0x0000000018d93000 Thread exited: 0x0000000018d93000
Event: 45.496 Thread 0x00000000172be800 flushing nmethod 0x0000000002a54710
Event: 45.498 Thread 0x00000000172be800 flushing nmethod 0x0000000002b5ab10


Dynamic libraries:
0x00007ff6b1a80000 - 0x00007ff6b1ab7000 	C:\Program Files\Java\jdk1.8.0_73\jre\bin\java.exe
0x00007ffa69740000 - 0x00007ffa69901000 	C:\Windows\SYSTEM32\ntdll.dll
0x00007ffa69270000 - 0x00007ffa6931d000 	C:\Windows\system32\KERNEL32.DLL
0x00007ffa65e80000 - 0x00007ffa66068000 	C:\Windows\system32\KERNELBASE.dll
0x00007ffa69380000 - 0x00007ffa69427000 	C:\Windows\system32\ADVAPI32.dll
0x00007ffa67870000 - 0x00007ffa6790d000 	C:\Windows\system32\msvcrt.dll
0x00007ffa672e0000 - 0x00007ffa6733b000 	C:\Windows\system32\sechost.dll
0x00007ffa671c0000 - 0x00007ffa672dc000 	C:\Windows\system32\RPCRT4.dll
0x00007ffa695e0000 - 0x00007ffa69736000 	C:\Windows\system32\USER32.dll
0x00007ffa67030000 - 0x00007ffa671b6000 	C:\Windows\system32\GDI32.dll
0x00007ffa61450000 - 0x00007ffa616c4000 	C:\Windows\WinSxS\amd64_microsoft.windows.common-controls_6595b64144ccf1df_6.0.10586.0_none_8c15ae12515e1c22\COMCTL32.dll
0x00007ffa66b40000 - 0x00007ffa66dbd000 	C:\Windows\system32\combase.dll
0x00007ffa66150000 - 0x00007ffa661ba000 	C:\Windows\system32\bcryptPrimitives.dll
0x00007ffa66fe0000 - 0x00007ffa6701b000 	C:\Windows\system32\IMM32.DLL
0x0000000074e90000 - 0x0000000074f62000 	C:\Program Files\Java\jdk1.8.0_73\jre\bin\msvcr100.dll
0x0000000074f70000 - 0x0000000075800000 	C:\Program Files\Java\jdk1.8.0_73\jre\bin\server\jvm.dll
0x00007ffa67340000 - 0x00007ffa67348000 	C:\Windows\system32\PSAPI.DLL
0x00007ffa627e0000 - 0x00007ffa627e9000 	C:\Windows\SYSTEM32\WSOCK32.dll
0x00007ffa616d0000 - 0x00007ffa616da000 	C:\Windows\SYSTEM32\VERSION.dll
0x00007ffa63b60000 - 0x00007ffa63b83000 	C:\Windows\SYSTEM32\WINMM.dll
0x00007ffa67780000 - 0x00007ffa677eb000 	C:\Windows\system32\WS2_32.dll
0x00007ffa63ae0000 - 0x00007ffa63b0c000 	C:\Windows\SYSTEM32\WINMMBASE.dll
0x00007ffa66270000 - 0x00007ffa662b3000 	C:\Windows\system32\cfgmgr32.dll
0x0000000075ec0000 - 0x0000000075ecf000 	C:\Program Files\Java\jdk1.8.0_73\jre\bin\verify.dll
0x0000000074e20000 - 0x0000000074e49000 	C:\Program Files\Java\jdk1.8.0_73\jre\bin\java.dll
0x0000000074e00000 - 0x0000000074e16000 	C:\Program Files\Java\jdk1.8.0_73\jre\bin\zip.dll
0x00007ffa67a70000 - 0x00007ffa68fcc000 	C:\Windows\system32\SHELL32.dll
0x00007ffa66490000 - 0x00007ffa66ad4000 	C:\Windows\system32\windows.storage.dll
0x00007ffa66dc0000 - 0x00007ffa66e12000 	C:\Windows\system32\shlwapi.dll
0x00007ffa65db0000 - 0x00007ffa65dbf000 	C:\Windows\system32\kernel.appcore.dll
0x00007ffa66070000 - 0x00007ffa66125000 	C:\Windows\system32\shcore.dll
0x00007ffa65d60000 - 0x00007ffa65dab000 	C:\Windows\system32\powrprof.dll
0x00007ffa65dd0000 - 0x00007ffa65de4000 	C:\Windows\system32\profapi.dll
0x00007ffa2b900000 - 0x00007ffa2b9ef000 	C:\Program Files\Java\jdk1.8.0_73\jre\bin\msvcr120.dll
0x00007ffa26f50000 - 0x00007ffa26ff6000 	C:\Program Files\Java\jdk1.8.0_73\jre\bin\msvcp120.dll
0x0000000074b20000 - 0x0000000074b43000 	C:\Program Files\Java\jdk1.8.0_73\jre\bin\prism_d3d.dll
0x00007ffa491c0000 - 0x00007ffa493d0000 	C:\Windows\system32\d3d9.dll
0x00007ffa63a20000 - 0x00007ffa63a42000 	C:\Windows\SYSTEM32\dwmapi.dll
0x00007ffa644b0000 - 0x00007ffa64546000 	C:\Windows\system32\uxtheme.dll
0x00007ffa67350000 - 0x00007ffa67779000 	C:\Windows\system32\SETUPAPI.dll
0x00007ffa691a0000 - 0x00007ffa69261000 	C:\Windows\system32\OLEAUT32.dll
0x00007ffa66e20000 - 0x00007ffa66f63000 	C:\Windows\system32\ole32.dll
0x0000000074ad0000 - 0x0000000074b13000 	C:\Program Files\Java\jdk1.8.0_73\jre\bin\glass.dll
0x00007ffa69080000 - 0x00007ffa6918b000 	C:\Windows\system32\COMDLG32.dll
0x00007ffa65df0000 - 0x00007ffa65e76000 	C:\Windows\system32\FirewallAPI.dll
0x00007ffa66130000 - 0x00007ffa66147000 	C:\Windows\system32\NETAPI32.dll
0x00007ffa63c10000 - 0x00007ffa63c1c000 	C:\Windows\SYSTEM32\DAVHLPR.DLL
0x00007ffa648b0000 - 0x00007ffa648e2000 	C:\Windows\SYSTEM32\fwbase.dll
0x00007ffa67910000 - 0x00007ffa67a6a000 	C:\Windows\system32\MSCTF.dll
0x0000000074ab0000 - 0x0000000074ac4000 	C:\Program Files\Java\jdk1.8.0_73\jre\bin\javafx_font.dll
0x00007ffa579a0000 - 0x00007ffa57c00000 	C:\Windows\SYSTEM32\dwrite.dll
0x00007ffa68fd0000 - 0x00007ffa69077000 	C:\Windows\system32\clbcatq.dll
0x00007ffa625e0000 - 0x00007ffa62791000 	C:\Windows\SYSTEM32\WindowsCodecs.dll
0x00007ffa55c40000 - 0x00007ffa55c8a000 	C:\Windows\system32\dataexchange.dll
0x00007ffa63730000 - 0x00007ffa639d8000 	C:\Windows\system32\d3d11.dll
0x00007ffa63f50000 - 0x00007ffa64033000 	C:\Windows\system32\dcomp.dll
0x00007ffa63450000 - 0x00007ffa634f2000 	C:\Windows\system32\dxgi.dll
0x00007ffa64650000 - 0x00007ffa64750000 	C:\Windows\system32\twinapi.appcore.dll
0x00007ffa65960000 - 0x00007ffa65989000 	C:\Windows\system32\bcrypt.dll
0x00007ffa31650000 - 0x00007ffa31684000 	C:\Program Files\Common Files\Microsoft Shared\Ink\rtscom.dll
0x00007ffa65740000 - 0x00007ffa65757000 	C:\Windows\SYSTEM32\CRYPTSP.dll
0x00007ffa653d0000 - 0x00007ffa65404000 	C:\Windows\system32\rsaenh.dll
0x00007ffa65520000 - 0x00007ffa6553f000 	C:\Windows\SYSTEM32\USERENV.dll
0x00007ffa65860000 - 0x00007ffa6586b000 	C:\Windows\SYSTEM32\CRYPTBASE.dll
0x0000000074de0000 - 0x0000000074dfa000 	C:\Program Files\Java\jdk1.8.0_73\jre\bin\net.dll
0x00007ffa65690000 - 0x00007ffa656ec000 	C:\Windows\system32\mswsock.dll
0x0000000074a90000 - 0x0000000074aa1000 	C:\Program Files\Java\jdk1.8.0_73\jre\bin\prism_common.dll
0x00007ffa5c930000 - 0x00007ffa5c968000 	C:\Windows\SYSTEM32\IPHLPAPI.DLL
0x00007ffa67020000 - 0x00007ffa67028000 	C:\Windows\system32\NSI.dll
0x00007ffa5c850000 - 0x00007ffa5c866000 	C:\Windows\SYSTEM32\dhcpcsvc6.DLL
0x00007ffa5c830000 - 0x00007ffa5c84a000 	C:\Windows\SYSTEM32\dhcpcsvc.DLL
0x0000000074dc0000 - 0x0000000074dd1000 	C:\Program Files\Java\jdk1.8.0_73\jre\bin\nio.dll
0x00007ffa31740000 - 0x00007ffa31769000 	C:\Users\Travis Shao\AppData\Local\Temp\BridJExtractedLibraries3316953031042142350\bridj.dll
0x00007ffa2f470000 - 0x00007ffa2f4a6000 	C:\Users\TRAVIS~1\AppData\Local\Temp\BridJExtractedLibraries3316953031042142350\OpenIMAJGrabber.dll
0x00007ffa578f0000 - 0x00007ffa57908000 	C:\Windows\System32\devenum.dll
0x00007ffa652b0000 - 0x00007ffa652e1000 	C:\Windows\SYSTEM32\ntmarta.dll
0x00007ffa64550000 - 0x00007ffa64577000 	C:\Windows\SYSTEM32\DEVOBJ.dll
0x00007ffa66ae0000 - 0x00007ffa66b35000 	C:\Windows\system32\WINTRUST.dll
0x00007ffa65dc0000 - 0x00007ffa65dd0000 	C:\Windows\system32\MSASN1.dll
0x00007ffa662c0000 - 0x00007ffa66488000 	C:\Windows\system32\CRYPT32.dll
0x00007ffa5ea00000 - 0x00007ffa5ea0a000 	C:\Windows\SYSTEM32\msdmo.dll
0x0000000074c20000 - 0x0000000074db8000 	C:\Program Files\Java\jdk1.8.0_73\jre\bin\awt.dll
0x00007ffa642f0000 - 0x00007ffa64369000 	C:\Windows\system32\apphelp.dll
0x000000006a000000 - 0x000000006a025000 	C:\Users\Travis Shao\.jssc\windows\jSSC-2.6_x86_64.dll
0x0000000074a60000 - 0x0000000074a83000 	C:\Program Files\Java\jdk1.8.0_73\jre\bin\javafx_iio.dll
0x00007ffa2d310000 - 0x00007ffa2d344000 	C:\Windows\System32\qcap.dll
0x00007ffa22a50000 - 0x00007ffa22c1e000 	C:\Windows\System32\quartz.dll
0x00007ffa56c30000 - 0x00007ffa56c7f000 	C:\Windows\System32\ksproxy.ax
0x00007ffa5e9f0000 - 0x00007ffa5e9f8000 	C:\Windows\System32\ksuser.dll
0x00007ffa64270000 - 0x00007ffa642c5000 	C:\Windows\SYSTEM32\policymanager.dll
0x00007ffa641d0000 - 0x00007ffa64262000 	C:\Windows\System32\msvcp110_win.dll
0x00007ffa617c0000 - 0x00007ffa617ce000 	C:\Windows\System32\vidcap.ax
0x00007ffa56a00000 - 0x00007ffa56a27000 	C:\Windows\System32\kswdmcap.ax
0x00007ffa311e0000 - 0x00007ffa31350000 	C:\Windows\System32\MFC42.dll
0x00007ffa30440000 - 0x00007ffa304f0000 	C:\Windows\System32\ODBC32.dll
0x00007ffa65410000 - 0x00007ffa6541a000 	C:\Windows\System32\DPAPI.dll
0x00007ffa26ea0000 - 0x00007ffa26f4b000 	C:\Windows\System32\qedit.dll
0x00007ffa309d0000 - 0x00007ffa309f9000 	C:\Windows\System32\MSVFW32.dll
0x00007ffa5fbd0000 - 0x00007ffa5fd78000 	C:\Windows\WinSxS\amd64_microsoft.windows.gdiplus_6595b64144ccf1df_1.1.10586.20_none_db007f1392e69ef4\gdiplus.dll
0x00007ffa46ae0000 - 0x00007ffa46bda000 	C:\Windows\System32\DDRAW.dll
0x00007ffa56430000 - 0x00007ffa56438000 	C:\Windows\System32\DCIMAN32.dll
0x00007ffa57380000 - 0x00007ffa5738c000 	C:\Windows\SYSTEM32\msyuv.dll
0x00007ffa63190000 - 0x00007ffa63316000 	C:\Windows\system32\propsys.dll
0x00007ffa2f7a0000 - 0x00007ffa2f86c000 	C:\Windows\system32\msctfuimanager.dll
0x00007ffa2faa0000 - 0x00007ffa2fc53000 	C:\Windows\system32\DUI70.dll
0x00007ffa3aad0000 - 0x00007ffa3ab68000 	C:\Windows\system32\DUser.dll
0x00007ffa58360000 - 0x00007ffa584bc000 	C:\Windows\SYSTEM32\UIAutomationCore.dll
0x00007ffa65c20000 - 0x00007ffa65cb9000 	C:\Windows\SYSTEM32\sxs.dll
0x00007ffa61a90000 - 0x00007ffa61adb000 	C:\Windows\System32\UIAnimation.dll
0x00007ffa5eb70000 - 0x00007ffa5ebda000 	C:\Windows\System32\oleacc.dll
0x00007ffa30390000 - 0x00007ffa30433000 	C:\Program Files\Common Files\microsoft shared\ink\tiptsf.dll
0x00007ffa64e80000 - 0x00007ffa64ed0000 	C:\Windows\SYSTEM32\edputil.dll
0x00007ffa44cc0000 - 0x00007ffa45160000 	C:\Windows\system32\explorerframe.dll
0x00007ffa4d100000 - 0x00007ffa4d14d000 	C:\Windows\System32\thumbcache.dll
0x00007ffa56690000 - 0x00007ffa56815000 	C:\Windows\System32\Windows.Globalization.dll
0x00007ffa62210000 - 0x00007ffa62277000 	C:\Windows\System32\Bcp47Langs.dll
0x00007ffa5ea60000 - 0x00007ffa5ea90000 	C:\Windows\SYSTEM32\globinputhost.dll
0x00007ffa306e0000 - 0x00007ffa3078a000 	C:\Windows\System32\StructuredQuery.dll
0x00007ffa62c20000 - 0x00007ffa630b3000 	C:\Windows\System32\ActXPrxy.dll
0x00007ffa4d530000 - 0x00007ffa4d540000 	C:\Windows\SYSTEM32\atlthunk.dll
0x00007ffa34c90000 - 0x00007ffa34d5c000 	C:\Windows\system32\Windows.Storage.Search.dll
0x00007ffa57390000 - 0x00007ffa573ab000 	C:\Windows\SYSTEM32\MPR.dll
0x00007ffa63bd0000 - 0x00007ffa63bdb000 	C:\Windows\System32\drprov.dll
0x00007ffa64dd0000 - 0x00007ffa64e26000 	C:\Windows\System32\WINSTA.dll
0x00007ffa57930000 - 0x00007ffa57946000 	C:\Windows\System32\ntlanman.dll
0x00007ffa57910000 - 0x00007ffa57930000 	C:\Windows\System32\davclnt.dll
0x00007ffa61710000 - 0x00007ffa61726000 	C:\Windows\System32\wkscli.dll
0x00007ffa48ea0000 - 0x00007ffa48f51000 	C:\Windows\System32\twinapi.dll

VM Arguments:
jvm_args: -Dfile.encoding=UTF-8 
java_command: E:\NetBeansProjects\WormTracker\dist\run1463731392\WormTracker.jar
java_class_path (initial): E:\NetBeansProjects\WormTracker\dist\run1463731392\WormTracker.jar
Launcher Type: SUN_STANDARD

Environment Variables:
PATH=C:\ProgramData\Oracle\Java\javapath;C:\Program Files (x86)\Intel\iCLS Client\;C:\Program Files\Intel\iCLS Client\;C:\Windows\system32;C:\Windows;C:\Windows\System32\Wbem;C:\Windows\System32\WindowsPowerShell\v1.0\;C:\Program Files (x86)\NVIDIA Corporation\PhysX\Common;C:\Program Files (x86)\Intel\Intel(R) Management Engine Components\DAL;C:\Program Files\Intel\Intel(R) Management Engine Components\DAL;C:\Program Files (x86)\Intel\Intel(R) Management Engine Components\IPT;C:\Program Files\Intel\Intel(R) Management Engine Components\IPT;C:\Program Files (x86)\PharosSystems\Core;C:\Program Files\Intel\WiFi\bin\;C:\Program Files\Common Files\Intel\WirelessCommon\;D:\Anaconda3;D:\Anaconda3\Scripts;D:\Anaconda3\Library\bin;D:\Program Files (x86)\Skype\Phone\;C:\Program Files\Intel\WiFi\bin\;C:\Program Files\Common Files\Intel\WirelessCommon\
USERNAME=Travis Shao
OS=Windows_NT
PROCESSOR_IDENTIFIER=Intel64 Family 6 Model 78 Stepping 3, GenuineIntel



---------------  S Y S T E M  ---------------

OS: Windows 10.0 , 64 bit Build 10586 (10.0.10586.0)

CPU:total 4 (2 cores per cpu, 2 threads per core) family 6 model 78 stepping 3, cmov, cx8, fxsr, mmx, sse, sse2, sse3, ssse3, sse4.1, sse4.2, popcnt, avx, avx2, aes, clmul, erms, 3dnowpref, lzcnt, ht, tsc, tscinvbit, bmi1, bmi2, adx

Memory: 4k page, physical 8179560k(3334340k free), swap 9490280k(3235748k free)

vm_info: Java HotSpot(TM) 64-Bit Server VM (25.73-b02) for windows-amd64 JRE (1.8.0_73-b02), built on Jan 29 2016 17:38:49 by "java_re" with MS VC++ 10.0 (VS2010)

time: Tue Jun 14 10:28:33 2016
elapsed time: 45 seconds (0d 0h 0m 45s)

