#
# A fatal error has been detected by the Java Runtime Environment:
#
#  EXCEPTION_ACCESS_VIOLATION (0xc0000005) at pc=0x0000000002e82b2c, pid=2808, tid=9460
#
# JRE version: Java(TM) SE Runtime Environment (8.0_73-b02) (build 1.8.0_73-b02)
# Java VM: Java HotSpot(TM) 64-Bit Server VM (25.73-b02 mixed mode windows-amd64 compressed oops)
# Problematic frame:
# v  ~StubRoutines::jlong_disjoint_arraycopy
#
# Failed to write core dump. Minidumps are not enabled by default on client versions of Windows
#
# If you would like to submit a bug report, please visit:
#   http://bugreport.java.com/bugreport/crash.jsp
#

---------------  T H R E A D  ---------------

Current thread (0x00000000211f6000):  JavaThread "InputViewFeed" [_thread_in_Java, id=9460, stack(0x0000000027c00000,0x0000000027d00000)]

siginfo: ExceptionCode=0xc0000005, reading address 0x0000000027699aa0

Registers:
RAX=0x00000000276e1080, RBX=0x0000000085125cf8, RCX=0x00000000fe552330, RDX=0xffffffffffff7148
RSP=0x0000000027cff5d0, RBP=0x0000000027cff5d0, RSI=0x00000000fe471338, RDI=0x00000000276e1078
R8 =0x000000000001c200, R9 =0x0000000027600080, R10=0x00000000000e1000, R11=0x00000000fe471328
R12=0x0000000000000000, R13=0x00000000000e1000, R14=0x00000000d76376a0, R15=0x00000000211f6000
RIP=0x0000000002e82b2c, EFLAGS=0x0000000000010286

Top of Stack: (sp=0x0000000027cff5d0)
0x0000000027cff5d0:   00000000000e1000 0000000002ff1306
0x0000000027cff5e0:   00000000211f6000 0000000011dd7000
0x0000000027cff5f0:   0000000011dd7000 3ff0000000000000
0x0000000027cff600:   00000000838284a8 0000000002f31089
0x0000000027cff610:   00000000211f6000 00000000000e1000
0x0000000027cff620:   00000000d76371f0 0000000027cff650
0x0000000027cff630:   00000000d76376a0 0000000002f59b08
0x0000000027cff640:   00000000000e1000 0000000002e4f1a3
0x0000000027cff650:   0000000027cff6d0 0000000002e37a70
0x0000000027cff660:   0000000027cff6d0 0000000002e37a70
0x0000000027cff670:   0000000085125cf8 00000000d76376a0
0x0000000027cff680:   00000000d7ed7b70 0000000085121dd0
0x0000000027cff690:   0000000027cff680 00000000174e12a7
0x0000000027cff6a0:   0000000027cff708 0000000026589c20
0x0000000027cff6b0:   0000000000000000 00000000174e1368
0x0000000027cff6c0:   0000000027cff670 0000000027cff708 

Instructions: (pc=0x0000000002e82b2c)
0x0000000002e82b0c:   44 d1 08 48 ff c2 75 f1 49 8b f9 49 8b f2 48 33
0x0000000002e82b1c:   c0 c9 c3 90 c5 fe 6f 44 d7 c8 c5 fe 7f 44 d1 c8
0x0000000002e82b2c:   c5 fe 6f 4c d7 e8 c5 fe 7f 4c d1 e8 48 83 c2 08
0x0000000002e82b3c:   7e e2 48 83 ea 04 7f 10 c5 fe 6f 44 d7 e8 c5 fe 


Register to memory mapping:

RAX=0x00000000276e1080 is an unknown value
RBX=0x0000000085125cf8 is an oop
java.nio.DirectByteBuffer 
 - klass: 'java/nio/DirectByteBuffer'
RCX=0x00000000fe552330 is an oop

[error occurred during error reporting (printing register info), id 0xc0000005]

Stack: [0x0000000027c00000,0x0000000027d00000],  sp=0x0000000027cff5d0,  free space=1021k
Native frames: (J=compiled Java code, j=interpreted, Vv=VM code, C=native code)
C  0x0000000002e82b2c


---------------  P R O C E S S  ---------------

Java Threads: ( => current thread )
  0x00000000211f2800 JavaThread "shutdown-hook-1" [_thread_blocked, id=4296, stack(0x000000002b350000,0x000000002b450000)]
=>0x00000000211f6000 JavaThread "InputViewFeed" [_thread_in_Java, id=9460, stack(0x0000000027c00000,0x0000000027d00000)]
  0x00000000211f9000 JavaThread "Thread-6" [_thread_in_Java, id=10864, stack(0x0000000027b00000,0x0000000027c00000)]
  0x00000000211f7000 JavaThread "frames-refresher-[0]" daemon [_thread_blocked, id=8436, stack(0x0000000027a00000,0x0000000027b00000)]
  0x00000000211f7800 JavaThread "webcam-lock-[USB2.0 VGA UVC WebCam 0]" daemon [_thread_blocked, id=9612, stack(0x0000000026730000,0x0000000026830000)]
  0x00000000211f3000 JavaThread "webcam-discovery-service" daemon [_thread_blocked, id=5408, stack(0x0000000026430000,0x0000000026530000)]
  0x0000000019c91000 JavaThread "atomic-processor-1" daemon [_thread_in_native, id=3620, stack(0x0000000023f90000,0x0000000024090000)]
  0x0000000019d90000 JavaThread "Prism Font Disposer" daemon [_thread_blocked, id=4408, stack(0x00000000206e0000,0x00000000207e0000)]
  0x000000001985b000 JavaThread "Thread-3" daemon [_thread_in_native, id=5868, stack(0x000000001ea20000,0x000000001eb20000)]
  0x0000000019905800 JavaThread "JavaFX-Launcher" [_thread_blocked, id=6808, stack(0x000000001eb20000,0x000000001ec20000)]
  0x00000000193b4800 JavaThread "JavaFX Application Thread" [_thread_blocked, id=8844, stack(0x000000001a390000,0x000000001a490000)]
  0x00000000197cc800 JavaThread "Thread-1" daemon [_thread_blocked, id=10568, stack(0x000000001a290000,0x000000001a390000)]
  0x00000000193ad800 JavaThread "QuantumRenderer-0" daemon [_thread_in_native, id=9428, stack(0x0000000019fc0000,0x000000001a0c0000)]
  0x0000000019058800 JavaThread "Service Thread" daemon [_thread_blocked, id=9976, stack(0x00000000195c0000,0x00000000196c0000)]
  0x0000000018fc5800 JavaThread "C1 CompilerThread2" daemon [_thread_blocked, id=11232, stack(0x00000000194c0000,0x00000000195c0000)]
  0x00000000178dd000 JavaThread "C2 CompilerThread1" daemon [_thread_in_native, id=10084, stack(0x00000000193c0000,0x00000000194c0000)]
  0x00000000178da800 JavaThread "C2 CompilerThread0" daemon [_thread_in_native, id=4092, stack(0x0000000018ec0000,0x0000000018fc0000)]
  0x00000000178d9000 JavaThread "Attach Listener" daemon [_thread_blocked, id=10324, stack(0x0000000018dc0000,0x0000000018ec0000)]
  0x000000001788f000 JavaThread "Signal Dispatcher" daemon [_thread_blocked, id=5228, stack(0x0000000018cc0000,0x0000000018dc0000)]
  0x0000000002e26000 JavaThread "Finalizer" daemon [_thread_blocked, id=10256, stack(0x0000000018ae0000,0x0000000018be0000)]
  0x0000000002e1d000 JavaThread "Reference Handler" daemon [_thread_blocked, id=4864, stack(0x00000000189e0000,0x0000000018ae0000)]
  0x0000000002d30800 JavaThread "main" [_thread_blocked, id=9492, stack(0x0000000002c30000,0x0000000002d30000)]

Other Threads:
  0x0000000017847800 VMThread [stack: 0x00000000188e0000,0x00000000189e0000] [id=6048]
  0x00000000190a6800 WatcherThread [stack: 0x00000000196c0000,0x00000000197c0000] [id=9112]

VM state:not at safepoint (normal execution)

VM Mutex/Monitor currently owned by a thread: None

Heap:
 PSYoungGen      total 680448K, used 659154K [0x00000000d6600000, 0x0000000100000000, 0x0000000100000000)
  eden space 678912K, 96% used [0x00000000d6600000,0x00000000fe8ac270,0x00000000ffd00000)
  from space 1536K, 69% used [0x00000000ffd00000,0x00000000ffe09010,0x00000000ffe80000)
  to   space 1536K, 0% used [0x00000000ffe80000,0x00000000ffe80000,0x0000000100000000)
 ParOldGen       total 55296K, used 52511K [0x0000000083200000, 0x0000000086800000, 0x00000000d6600000)
  object space 55296K, 94% used [0x0000000083200000,0x0000000086547d48,0x0000000086800000)
 Metaspace       used 21364K, capacity 22482K, committed 22656K, reserved 1069056K
  class space    used 2957K, capacity 3167K, committed 3200K, reserved 1048576K

Card table byte_map: [0x00000000121f0000,0x00000000125e0000] byte_map_base: 0x0000000011dd7000

Marking Bits: (ParMarkBitMap*) 0x0000000069650600
 Begin Bits: [0x0000000012c80000, 0x0000000014bb8000)
 End Bits:   [0x0000000014bb8000, 0x0000000016af0000)

Polling page: 0x0000000000f60000

CodeCache: size=245760Kb used=11605Kb max_used=11777Kb free=234154Kb
 bounds [0x0000000002e30000, 0x00000000039e0000, 0x0000000011e30000]
 total_blobs=4335 nmethods=3631 adapters=615
 compilation: enabled

Compilation events (10 events):
Event: 22.176 Thread 0x0000000018fc5800 nmethod 4164 0x00000000035620d0 code [0x00000000035623a0, 0x00000000035638b8]
Event: 22.176 Thread 0x00000000178dd000 4167       4       java.util.concurrent.locks.ReentrantLock$Sync::nonfairTryAcquire (67 bytes)
Event: 22.176 Thread 0x0000000018fc5800 4165       3       java.util.AbstractQueue::add (20 bytes)
Event: 22.176 Thread 0x0000000018fc5800 nmethod 4165 0x0000000003386410 code [0x00000000033865a0, 0x0000000003386898]
Event: 22.176 Thread 0x00000000178da800 nmethod 4166 0x00000000031a9710 code [0x00000000031a9840, 0x00000000031a9918]
Event: 22.177 Thread 0x0000000018fc5800 4162   !   3       imageAcquisition.ImageProducer::get (20 bytes)
Event: 22.177 Thread 0x00000000178dd000 nmethod 4167 0x0000000003395150 code [0x0000000003395280, 0x0000000003395358]
Event: 22.177 Thread 0x0000000018fc5800 nmethod 4162 0x0000000003261510 code [0x00000000032616c0, 0x0000000003261c68]
Event: 22.177 Thread 0x00000000178da800 4168   !   4       java.util.concurrent.LinkedBlockingQueue::offer (130 bytes)
Event: 22.177 Thread 0x00000000178dd000 4169   !   4       java.util.concurrent.LinkedBlockingQueue::take (93 bytes)

GC Heap History (10 events):
Event: 21.895 GC heap before
{Heap before GC invocations=120 (full 1):
 PSYoungGen      total 680448K, used 679908K [0x00000000d6600000, 0x0000000100000000, 0x0000000100000000)
  eden space 678912K, 100% used [0x00000000d6600000,0x00000000ffd00000,0x00000000ffd00000)
  from space 1536K, 64% used [0x00000000ffe80000,0x00000000fff79010,0x0000000100000000)
  to   space 1536K, 0% used [0x00000000ffd00000,0x00000000ffd00000,0x00000000ffe80000)
 ParOldGen       total 55296K, used 52407K [0x0000000083200000, 0x0000000086800000, 0x00000000d6600000)
  object space 55296K, 94% used [0x0000000083200000,0x000000008652dd48,0x0000000086800000)
 Metaspace       used 21304K, capacity 22406K, committed 22656K, reserved 1069056K
  class space    used 2950K, capacity 3165K, committed 3200K, reserved 1048576K
Event: 21.896 GC heap after
Heap after GC invocations=120 (full 1):
 PSYoungGen      total 680448K, used 996K [0x00000000d6600000, 0x0000000100000000, 0x0000000100000000)
  eden space 678912K, 0% used [0x00000000d6600000,0x00000000d6600000,0x00000000ffd00000)
  from space 1536K, 64% used [0x00000000ffd00000,0x00000000ffdf9010,0x00000000ffe80000)
  to   space 1536K, 0% used [0x00000000ffe80000,0x00000000ffe80000,0x0000000100000000)
 ParOldGen       total 55296K, used 52415K [0x0000000083200000, 0x0000000086800000, 0x00000000d6600000)
  object space 55296K, 94% used [0x0000000083200000,0x000000008652fd48,0x0000000086800000)
 Metaspace       used 21304K, capacity 22406K, committed 22656K, reserved 1069056K
  class space    used 2950K, capacity 3165K, committed 3200K, reserved 1048576K
}
Event: 21.961 GC heap before
{Heap before GC invocations=121 (full 1):
 PSYoungGen      total 680448K, used 679908K [0x00000000d6600000, 0x0000000100000000, 0x0000000100000000)
  eden space 678912K, 100% used [0x00000000d6600000,0x00000000ffd00000,0x00000000ffd00000)
  from space 1536K, 64% used [0x00000000ffd00000,0x00000000ffdf9010,0x00000000ffe80000)
  to   space 1536K, 0% used [0x00000000ffe80000,0x00000000ffe80000,0x0000000100000000)
 ParOldGen       total 55296K, used 52415K [0x0000000083200000, 0x0000000086800000, 0x00000000d6600000)
  object space 55296K, 94% used [0x0000000083200000,0x000000008652fd48,0x0000000086800000)
 Metaspace       used 21304K, capacity 22406K, committed 22656K, reserved 1069056K
  class space    used 2950K, capacity 3165K, committed 3200K, reserved 1048576K
Event: 21.962 GC heap after
Heap after GC invocations=121 (full 1):
 PSYoungGen      total 680448K, used 996K [0x00000000d6600000, 0x0000000100000000, 0x0000000100000000)
  eden space 678912K, 0% used [0x00000000d6600000,0x00000000d6600000,0x00000000ffd00000)
  from space 1536K, 64% used [0x00000000ffe80000,0x00000000fff79010,0x0000000100000000)
  to   space 1536K, 0% used [0x00000000ffd00000,0x00000000ffd00000,0x00000000ffe80000)
 ParOldGen       total 55296K, used 52423K [0x0000000083200000, 0x0000000086800000, 0x00000000d6600000)
  object space 55296K, 94% used [0x0000000083200000,0x0000000086531d48,0x0000000086800000)
 Metaspace       used 21304K, capacity 22406K, committed 22656K, reserved 1069056K
  class space    used 2950K, capacity 3165K, committed 3200K, reserved 1048576K
}
Event: 22.021 GC heap before
{Heap before GC invocations=122 (full 1):
 PSYoungGen      total 680448K, used 679908K [0x00000000d6600000, 0x0000000100000000, 0x0000000100000000)
  eden space 678912K, 100% used [0x00000000d6600000,0x00000000ffd00000,0x00000000ffd00000)
  from space 1536K, 64% used [0x00000000ffe80000,0x00000000fff79010,0x0000000100000000)
  to   space 1536K, 0% used [0x00000000ffd00000,0x00000000ffd00000,0x00000000ffe80000)
 ParOldGen       total 55296K, used 52423K [0x0000000083200000, 0x0000000086800000, 0x00000000d6600000)
  object space 55296K, 94% used [0x0000000083200000,0x0000000086531d48,0x0000000086800000)
 Metaspace       used 21304K, capacity 22406K, committed 22656K, reserved 1069056K
  class space    used 2950K, capacity 3165K, committed 3200K, reserved 1048576K
Event: 22.023 GC heap after
Heap after GC invocations=122 (full 1):
 PSYoungGen      total 680448K, used 1028K [0x00000000d6600000, 0x0000000100000000, 0x0000000100000000)
  eden space 678912K, 0% used [0x00000000d6600000,0x00000000d6600000,0x00000000ffd00000)
  from space 1536K, 66% used [0x00000000ffd00000,0x00000000ffe01010,0x00000000ffe80000)
  to   space 1536K, 0% used [0x00000000ffe80000,0x00000000ffe80000,0x0000000100000000)
 ParOldGen       total 55296K, used 52431K [0x0000000083200000, 0x0000000086800000, 0x00000000d6600000)
  object space 55296K, 94% used [0x0000000083200000,0x0000000086533d48,0x0000000086800000)
 Metaspace       used 21304K, capacity 22406K, committed 22656K, reserved 1069056K
  class space    used 2950K, capacity 3165K, committed 3200K, reserved 1048576K
}
Event: 22.078 GC heap before
{Heap before GC invocations=123 (full 1):
 PSYoungGen      total 680448K, used 676539K [0x00000000d6600000, 0x0000000100000000, 0x0000000100000000)
  eden space 678912K, 99% used [0x00000000d6600000,0x00000000ff9adef0,0x00000000ffd00000)
  from space 1536K, 66% used [0x00000000ffd00000,0x00000000ffe01010,0x00000000ffe80000)
  to   space 1536K, 0% used [0x00000000ffe80000,0x00000000ffe80000,0x0000000100000000)
 ParOldGen       total 55296K, used 52431K [0x0000000083200000, 0x0000000086800000, 0x00000000d6600000)
  object space 55296K, 94% used [0x0000000083200000,0x0000000086533d48,0x0000000086800000)
 Metaspace       used 21304K, capacity 22406K, committed 22656K, reserved 1069056K
  class space    used 2950K, capacity 3165K, committed 3200K, reserved 1048576K
Event: 22.079 GC heap after
Heap after GC invocations=123 (full 1):
 PSYoungGen      total 680448K, used 996K [0x00000000d6600000, 0x0000000100000000, 0x0000000100000000)
  eden space 678912K, 0% used [0x00000000d6600000,0x00000000d6600000,0x00000000ffd00000)
  from space 1536K, 64% used [0x00000000ffe80000,0x00000000fff79010,0x0000000100000000)
  to   space 1536K, 0% used [0x00000000ffd00000,0x00000000ffd00000,0x00000000ffe80000)
 ParOldGen       total 55296K, used 52447K [0x0000000083200000, 0x0000000086800000, 0x00000000d6600000)
  object space 55296K, 94% used [0x0000000083200000,0x0000000086537d48,0x0000000086800000)
 Metaspace       used 21304K, capacity 22406K, committed 22656K, reserved 1069056K
  class space    used 2950K, capacity 3165K, committed 3200K, reserved 1048576K
}
Event: 22.123 GC heap before
{Heap before GC invocations=124 (full 1):
 PSYoungGen      total 680448K, used 679908K [0x00000000d6600000, 0x0000000100000000, 0x0000000100000000)
  eden space 678912K, 100% used [0x00000000d6600000,0x00000000ffd00000,0x00000000ffd00000)
  from space 1536K, 64% used [0x00000000ffe80000,0x00000000fff79010,0x0000000100000000)
  to   space 1536K, 0% used [0x00000000ffd00000,0x00000000ffd00000,0x00000000ffe80000)
 ParOldGen       total 55296K, used 52447K [0x0000000083200000, 0x0000000086800000, 0x00000000d6600000)
  object space 55296K, 94% used [0x0000000083200000,0x0000000086537d48,0x0000000086800000)
 Metaspace       used 21304K, capacity 22406K, committed 22656K, reserved 1069056K
  class space    used 2950K, capacity 3165K, committed 3200K, reserved 1048576K
Event: 22.123 GC heap after
Heap after GC invocations=124 (full 1):
 PSYoungGen      total 680448K, used 1060K [0x00000000d6600000, 0x0000000100000000, 0x0000000100000000)
  eden space 678912K, 0% used [0x00000000d6600000,0x00000000d6600000,0x00000000ffd00000)
  from space 1536K, 69% used [0x00000000ffd00000,0x00000000ffe09010,0x00000000ffe80000)
  to   space 1536K, 0% used [0x00000000ffe80000,0x00000000ffe80000,0x0000000100000000)
 ParOldGen       total 55296K, used 52511K [0x0000000083200000, 0x0000000086800000, 0x00000000d6600000)
  object space 55296K, 94% used [0x0000000083200000,0x0000000086547d48,0x0000000086800000)
 Metaspace       used 21304K, capacity 22406K, committed 22656K, reserved 1069056K
  class space    used 2950K, capacity 3165K, committed 3200K, reserved 1048576K
}

Deoptimization events (10 events):
Event: 16.334 Thread 0x00000000193b4800 Uncommon trap: reason=class_check action=maybe_recompile pc=0x00000000031c6930 method=java.lang.Throwable.<init>(Ljava/lang/String;)V @ 24
Event: 16.338 Thread 0x00000000193b4800 Uncommon trap: reason=class_check action=maybe_recompile pc=0x00000000031c6930 method=java.lang.Throwable.<init>(Ljava/lang/String;)V @ 24
Event: 17.035 Thread 0x00000000193b4800 Uncommon trap: reason=unstable_if action=reinterpret pc=0x0000000003736e08 method=gui.GUI.showExceptionError(Ljava/lang/Exception;I)V @ 3
Event: 17.037 Thread 0x00000000193b4800 Uncommon trap: reason=array_check action=maybe_recompile pc=0x000000000354b564 method=com.sun.javafx.css.CompoundSelector.applies(Ljavafx/css/Styleable;[Ljava/util/Set;I)Z @ 128
Event: 17.037 Thread 0x00000000193b4800 Uncommon trap: reason=array_check action=maybe_recompile pc=0x000000000354b564 method=com.sun.javafx.css.CompoundSelector.applies(Ljavafx/css/Styleable;[Ljava/util/Set;I)Z @ 128
Event: 17.038 Thread 0x00000000193b4800 Uncommon trap: reason=array_check action=maybe_recompile pc=0x000000000354b564 method=com.sun.javafx.css.CompoundSelector.applies(Ljavafx/css/Styleable;[Ljava/util/Set;I)Z @ 128
Event: 17.038 Thread 0x00000000193b4800 Uncommon trap: reason=array_check action=maybe_recompile pc=0x000000000354b564 method=com.sun.javafx.css.CompoundSelector.applies(Ljavafx/css/Styleable;[Ljava/util/Set;I)Z @ 128
Event: 17.054 Thread 0x00000000193b4800 Uncommon trap: reason=class_check action=maybe_recompile pc=0x00000000031c6930 method=java.lang.Throwable.<init>(Ljava/lang/String;)V @ 24
Event: 17.059 Thread 0x00000000193b4800 Uncommon trap: reason=class_check action=maybe_recompile pc=0x00000000031c6930 method=java.lang.Throwable.<init>(Ljava/lang/String;)V @ 24
Event: 22.170 Thread 0x00000000211f6000 Uncommon trap: reason=unstable_if action=reinterpret pc=0x000000000333436c method=com.sun.javafx.tk.quantum.QuantumToolkit.defer(Ljava/lang/Runnable;)V @ 7

Internal exceptions (10 events):
Event: 1.090 Thread 0x0000000019c91000 Exception <a 'java/lang/NoSuchMethodError': startSession> (0x00000000d714c558) thrown at [D:\re\puppet\workspace\8-2-build-windows-amd64-cygwin\jdk8u73\6086\hotspot\src\share\vm\prims\jni.cpp, line 1591]
Event: 1.104 Thread 0x0000000019c91000 Exception <a 'java/lang/NoSuchMethodError': destroy> (0x00000000d71dc700) thrown at [D:\re\puppet\workspace\8-2-build-windows-amd64-cygwin\jdk8u73\6086\hotspot\src\share\vm\prims\jni.cpp, line 1591]
Event: 1.108 Thread 0x0000000019c91000 Exception <a 'java/lang/NoSuchMethodError': apply> (0x00000000d71ffc38) thrown at [D:\re\puppet\workspace\8-2-build-windows-amd64-cygwin\jdk8u73\6086\hotspot\src\share\vm\prims\jni.cpp, line 1591]
Event: 1.108 Thread 0x0000000019c91000 Exception <a 'java/lang/NoSuchMethodError': apply> (0x00000000d7200da0) thrown at [D:\re\puppet\workspace\8-2-build-windows-amd64-cygwin\jdk8u73\6086\hotspot\src\share\vm\prims\jni.cpp, line 1591]
Event: 1.114 Thread 0x0000000019c91000 Exception <a 'java/lang/NoSuchMethodError': getDevice> (0x00000000d7220280) thrown at [D:\re\puppet\workspace\8-2-build-windows-amd64-cygwin\jdk8u73\6086\hotspot\src\share\vm\prims\jni.cpp, line 1591]
Event: 1.114 Thread 0x0000000019c91000 Exception <a 'java/lang/NoSuchMethodError': getNumDevices> (0x00000000d72204e0) thrown at [D:\re\puppet\workspace\8-2-build-windows-amd64-cygwin\jdk8u73\6086\hotspot\src\share\vm\prims\jni.cpp, line 1591]
Event: 1.114 Thread 0x0000000019c91000 Exception <a 'java/lang/NoSuchMethodError': getName> (0x00000000d7226ad0) thrown at [D:\re\puppet\workspace\8-2-build-windows-amd64-cygwin\jdk8u73\6086\hotspot\src\share\vm\prims\jni.cpp, line 1591]
Event: 1.115 Thread 0x0000000019c91000 Exception <a 'java/lang/NoSuchMethodError': getIdentifier> (0x00000000d7226d38) thrown at [D:\re\puppet\workspace\8-2-build-windows-amd64-cygwin\jdk8u73\6086\hotspot\src\share\vm\prims\jni.cpp, line 1591]
Event: 1.120 Thread 0x0000000019c91000 Exception <a 'java/io/FileNotFoundException'> (0x00000000d7242100) thrown at [D:\re\puppet\workspace\8-2-build-windows-amd64-cygwin\jdk8u73\6086\hotspot\src\share\vm\prims\jni.cpp, line 709]
Event: 22.172 Thread 0x00000000211f4800 Exception <a 'java/lang/IllegalStateException'> (0x00000000fc3ceef8) thrown at [D:\re\puppet\workspace\8-2-build-windows-amd64-cygwin\jdk8u73\6086\hotspot\src\share\vm\prims\jvm.cpp, line 1390]

Events (10 events):
Event: 22.176 Thread 0x0000000018fc5800 flushing nmethod 0x00000000035d0310
Event: 22.176 Thread 0x0000000018fc5800 flushing nmethod 0x00000000035e6090
Event: 22.176 Thread 0x0000000018fc5800 flushing nmethod 0x00000000035fff50
Event: 22.176 Thread 0x0000000018fc5800 flushing nmethod 0x000000000360e110
Event: 22.176 Thread 0x0000000018fc5800 flushing nmethod 0x00000000036d75d0
Event: 22.179 loading class java/lang/ProcessImpl$2
Event: 22.179 loading class java/lang/ProcessImpl$2 done
Event: 22.179 loading class java/lang/ProcessBuilder$NullInputStream
Event: 22.179 loading class java/lang/ProcessBuilder$NullInputStream done
Event: 22.180 Thread 0x00000000211f8800 Thread exited: 0x00000000211f8800


Dynamic libraries:
0x00007ff6eb620000 - 0x00007ff6eb657000 	C:\Program Files\Java\jdk1.8.0_73\jre\bin\java.exe
0x00007ffa52180000 - 0x00007ffa52341000 	C:\Windows\SYSTEM32\ntdll.dll
0x00007ffa51950000 - 0x00007ffa519fd000 	C:\Windows\system32\KERNEL32.DLL
0x00007ffa4e830000 - 0x00007ffa4ea18000 	C:\Windows\system32\KERNELBASE.dll
0x00007ffa4fe80000 - 0x00007ffa4ff27000 	C:\Windows\system32\ADVAPI32.dll
0x00007ffa51a00000 - 0x00007ffa51a9d000 	C:\Windows\system32\msvcrt.dll
0x00007ffa50100000 - 0x00007ffa5015b000 	C:\Windows\system32\sechost.dll
0x00007ffa4f900000 - 0x00007ffa4fa1c000 	C:\Windows\system32\RPCRT4.dll
0x00007ffa4fa30000 - 0x00007ffa4fb86000 	C:\Windows\system32\USER32.dll
0x00007ffa51ae0000 - 0x00007ffa51c66000 	C:\Windows\system32\GDI32.dll
0x00007ffa49220000 - 0x00007ffa49494000 	C:\Windows\WinSxS\amd64_microsoft.windows.common-controls_6595b64144ccf1df_6.0.10586.0_none_8c15ae12515e1c22\COMCTL32.dll
0x00007ffa4fb90000 - 0x00007ffa4fe0d000 	C:\Windows\system32\combase.dll
0x00007ffa4f400000 - 0x00007ffa4f46a000 	C:\Windows\system32\bcryptPrimitives.dll
0x00007ffa51aa0000 - 0x00007ffa51adb000 	C:\Windows\system32\IMM32.DLL
0x0000000068d60000 - 0x0000000068e32000 	C:\Program Files\Java\jdk1.8.0_73\jre\bin\msvcr100.dll
0x0000000068e40000 - 0x00000000696d0000 	C:\Program Files\Java\jdk1.8.0_73\jre\bin\server\jvm.dll
0x00007ffa4f8f0000 - 0x00007ffa4f8f8000 	C:\Windows\system32\PSAPI.DLL
0x00007ffa4c7f0000 - 0x00007ffa4c813000 	C:\Windows\SYSTEM32\WINMM.dll
0x00007ffa494b0000 - 0x00007ffa494ba000 	C:\Windows\SYSTEM32\VERSION.dll
0x00007ffa4ae50000 - 0x00007ffa4ae59000 	C:\Windows\SYSTEM32\WSOCK32.dll
0x00007ffa518e0000 - 0x00007ffa5194b000 	C:\Windows\system32\WS2_32.dll
0x0000000000f10000 - 0x0000000000f3c000 	C:\Windows\SYSTEM32\WINMMBASE.dll
0x00007ffa4f470000 - 0x00007ffa4f4b3000 	C:\Windows\system32\cfgmgr32.dll
0x0000000068d10000 - 0x0000000068d1f000 	C:\Program Files\Java\jdk1.8.0_73\jre\bin\verify.dll
0x0000000068ce0000 - 0x0000000068d09000 	C:\Program Files\Java\jdk1.8.0_73\jre\bin\java.dll
0x0000000068cc0000 - 0x0000000068cd6000 	C:\Program Files\Java\jdk1.8.0_73\jre\bin\zip.dll
0x00007ffa50230000 - 0x00007ffa5178c000 	C:\Windows\system32\SHELL32.dll
0x00007ffa4ec70000 - 0x00007ffa4f2b4000 	C:\Windows\system32\windows.storage.dll
0x00007ffa500a0000 - 0x00007ffa500f2000 	C:\Windows\system32\shlwapi.dll
0x00007ffa4e7d0000 - 0x00007ffa4e7df000 	C:\Windows\system32\kernel.appcore.dll
0x00007ffa4f4c0000 - 0x00007ffa4f575000 	C:\Windows\system32\shcore.dll
0x00007ffa4e7e0000 - 0x00007ffa4e82b000 	C:\Windows\system32\powrprof.dll
0x00007ffa4e7a0000 - 0x00007ffa4e7b4000 	C:\Windows\system32\profapi.dll
0x00007ffa1de60000 - 0x00007ffa1df4f000 	C:\Program Files\Java\jdk1.8.0_73\jre\bin\msvcr120.dll
0x00007ffa1dbb0000 - 0x00007ffa1dc56000 	C:\Program Files\Java\jdk1.8.0_73\jre\bin\msvcp120.dll
0x00000000689d0000 - 0x00000000689f3000 	C:\Program Files\Java\jdk1.8.0_73\jre\bin\prism_d3d.dll
0x00007ffa2c680000 - 0x00007ffa2c890000 	C:\Windows\system32\d3d9.dll
0x00007ffa4c690000 - 0x00007ffa4c6b2000 	C:\Windows\SYSTEM32\dwmapi.dll
0x00007ffa4d1d0000 - 0x00007ffa4d266000 	C:\Windows\system32\uxtheme.dll
0x00007ffa186d0000 - 0x00007ffa1ac0b000 	C:\Windows\SYSTEM32\igdumdim64.dll
0x00007ffa51d20000 - 0x00007ffa52149000 	C:\Windows\system32\SETUPAPI.dll
0x00007ffa50160000 - 0x00007ffa50221000 	C:\Windows\system32\OLEAUT32.dll
0x00007ffa51790000 - 0x00007ffa518d3000 	C:\Windows\system32\ole32.dll
0x0000000068980000 - 0x00000000689c3000 	C:\Program Files\Java\jdk1.8.0_73\jre\bin\glass.dll
0x00007ffa4ff30000 - 0x00007ffa5003b000 	C:\Windows\system32\COMDLG32.dll
0x00007ffa4f2c0000 - 0x00007ffa4f346000 	C:\Windows\system32\FirewallAPI.dll
0x00007ffa4ebf0000 - 0x00007ffa4ec07000 	C:\Windows\system32\NETAPI32.dll
0x00007ffa45330000 - 0x00007ffa4533c000 	C:\Windows\SYSTEM32\DAVHLPR.DLL
0x00007ffa4d520000 - 0x00007ffa4d552000 	C:\Windows\SYSTEM32\fwbase.dll
0x00007ffa4f730000 - 0x00007ffa4f88a000 	C:\Windows\system32\MSCTF.dll
0x00007ffa48250000 - 0x00007ffa490c2000 	C:\Windows\SYSTEM32\igc64.dll
0x0000000069bb0000 - 0x0000000069bc4000 	C:\Program Files\Java\jdk1.8.0_73\jre\bin\javafx_font.dll
0x00007ffa37350000 - 0x00007ffa375b0000 	C:\Windows\SYSTEM32\dwrite.dll
0x00007ffa51c70000 - 0x00007ffa51d17000 	C:\Windows\system32\clbcatq.dll
0x00007ffa4b160000 - 0x00007ffa4b311000 	C:\Windows\SYSTEM32\WindowsCodecs.dll
0x00007ffa289c0000 - 0x00007ffa28a0a000 	C:\Windows\system32\dataexchange.dll
0x00007ffa4c3e0000 - 0x00007ffa4c688000 	C:\Windows\system32\d3d11.dll
0x00007ffa4cba0000 - 0x00007ffa4cc83000 	C:\Windows\system32\dcomp.dll
0x00007ffa4c330000 - 0x00007ffa4c3d2000 	C:\Windows\system32\dxgi.dll
0x00007ffa4d2c0000 - 0x00007ffa4d3c0000 	C:\Windows\system32\twinapi.appcore.dll
0x00007ffa4e6d0000 - 0x00007ffa4e6f9000 	C:\Windows\system32\bcrypt.dll
0x00007ffa45110000 - 0x00007ffa45144000 	C:\Program Files\Common Files\Microsoft Shared\Ink\rtscom.dll
0x0000000068960000 - 0x0000000068971000 	C:\Program Files\Java\jdk1.8.0_73\jre\bin\prism_common.dll
0x00007ffa4e120000 - 0x00007ffa4e137000 	C:\Windows\SYSTEM32\CRYPTSP.dll
0x00007ffa4ddb0000 - 0x00007ffa4dde4000 	C:\Windows\system32\rsaenh.dll
0x00007ffa4df00000 - 0x00007ffa4df1f000 	C:\Windows\SYSTEM32\USERENV.dll
0x00007ffa4e6c0000 - 0x00007ffa4e6cb000 	C:\Windows\SYSTEM32\CRYPTBASE.dll
0x0000000068ca0000 - 0x0000000068cba000 	C:\Program Files\Java\jdk1.8.0_73\jre\bin\net.dll
0x00007ffa4e070000 - 0x00007ffa4e0cc000 	C:\Windows\system32\mswsock.dll
0x00007ffa451b0000 - 0x00007ffa451e8000 	C:\Windows\SYSTEM32\IPHLPAPI.DLL
0x00007ffa4fa20000 - 0x00007ffa4fa28000 	C:\Windows\system32\NSI.dll
0x00007ffa44eb0000 - 0x00007ffa44ec6000 	C:\Windows\SYSTEM32\dhcpcsvc6.DLL
0x00007ffa44e40000 - 0x00007ffa44e5a000 	C:\Windows\SYSTEM32\dhcpcsvc.DLL
0x0000000068c80000 - 0x0000000068c91000 	C:\Program Files\Java\jdk1.8.0_73\jre\bin\nio.dll
0x00007ffa26bb0000 - 0x00007ffa26bd9000 	C:\Users\Travis Shao\AppData\Local\Temp\BridJExtractedLibraries7033650894313722913\bridj.dll
0x00007ffa24eb0000 - 0x00007ffa24ee6000 	C:\Users\TRAVIS~1\AppData\Local\Temp\BridJExtractedLibraries7033650894313722913\OpenIMAJGrabber.dll
0x00007ffa4b370000 - 0x00007ffa4b388000 	C:\Windows\System32\devenum.dll
0x00007ffa4dc90000 - 0x00007ffa4dcc1000 	C:\Windows\SYSTEM32\ntmarta.dll
0x00007ffa4d270000 - 0x00007ffa4d297000 	C:\Windows\SYSTEM32\DEVOBJ.dll
0x00007ffa4ec10000 - 0x00007ffa4ec65000 	C:\Windows\system32\WINTRUST.dll
0x00007ffa4e7c0000 - 0x00007ffa4e7d0000 	C:\Windows\system32\MSASN1.dll
0x00007ffa4ea20000 - 0x00007ffa4ebe8000 	C:\Windows\system32\CRYPT32.dll
0x00007ffa45090000 - 0x00007ffa4509a000 	C:\Windows\SYSTEM32\msdmo.dll
0x0000000068ae0000 - 0x0000000068c78000 	C:\Program Files\Java\jdk1.8.0_73\jre\bin\awt.dll
0x00007ffa4cf90000 - 0x00007ffa4d009000 	C:\Windows\system32\apphelp.dll
0x000000006a000000 - 0x000000006a025000 	C:\Users\Travis Shao\.jssc\windows\jSSC-2.6_x86_64.dll
0x00007ffa24420000 - 0x00007ffa24454000 	C:\Windows\System32\qcap.dll
0x00007ffa11f90000 - 0x00007ffa1215e000 	C:\Windows\System32\quartz.dll
0x00007ffa47f30000 - 0x00007ffa47f7f000 	C:\Windows\System32\ksproxy.ax
0x00007ffa454c0000 - 0x00007ffa454c8000 	C:\Windows\System32\ksuser.dll
0x00007ffa4c950000 - 0x00007ffa4c9a5000 	C:\Windows\SYSTEM32\policymanager.dll
0x00007ffa4c8b0000 - 0x00007ffa4c942000 	C:\Windows\System32\msvcp110_win.dll
0x00007ffa4b360000 - 0x00007ffa4b36e000 	C:\Windows\System32\vidcap.ax
0x00007ffa4b010000 - 0x00007ffa4b037000 	C:\Windows\System32\kswdmcap.ax
0x00007ffa160c0000 - 0x00007ffa16230000 	C:\Windows\System32\MFC42.dll
0x00007ffa330c0000 - 0x00007ffa33170000 	C:\Windows\System32\ODBC32.dll
0x00007ffa4ddf0000 - 0x00007ffa4ddfa000 	C:\Windows\System32\DPAPI.dll
0x00007ffa13610000 - 0x00007ffa136bb000 	C:\Windows\System32\qedit.dll
0x00007ffa222f0000 - 0x00007ffa22319000 	C:\Windows\System32\MSVFW32.dll
0x00007ffa45530000 - 0x00007ffa456d8000 	C:\Windows\WinSxS\amd64_microsoft.windows.gdiplus_6595b64144ccf1df_1.1.10586.20_none_db007f1392e69ef4\gdiplus.dll
0x00007ffa26cc0000 - 0x00007ffa26dba000 	C:\Windows\System32\DDRAW.dll
0x00007ffa2c9a0000 - 0x00007ffa2c9a8000 	C:\Windows\System32\DCIMAN32.dll
0x00007ffa40d20000 - 0x00007ffa40d2c000 	C:\Windows\SYSTEM32\msyuv.dll
0x00007ffa4b7e0000 - 0x00007ffa4b96c000 	C:\Windows\SYSTEM32\dbghelp.dll

VM Arguments:
jvm_args: -Dfile.encoding=UTF-8 
java_command: E:\NetBeansProjects\WormTracker\dist\run910094647\WormTracker.jar
java_class_path (initial): E:\NetBeansProjects\WormTracker\dist\run910094647\WormTracker.jar
Launcher Type: SUN_STANDARD

Environment Variables:
PATH=C:\ProgramData\Oracle\Java\javapath;C:\Program Files (x86)\Intel\iCLS Client\;C:\Program Files\Intel\iCLS Client\;C:\Windows\system32;C:\Windows;C:\Windows\System32\Wbem;C:\Windows\System32\WindowsPowerShell\v1.0\;C:\Program Files (x86)\NVIDIA Corporation\PhysX\Common;C:\Program Files (x86)\Intel\Intel(R) Management Engine Components\DAL;C:\Program Files\Intel\Intel(R) Management Engine Components\DAL;C:\Program Files (x86)\Intel\Intel(R) Management Engine Components\IPT;C:\Program Files\Intel\Intel(R) Management Engine Components\IPT;C:\Program Files (x86)\PharosSystems\Core;C:\Program Files\Intel\WiFi\bin\;C:\Program Files\Common Files\Intel\WirelessCommon\;D:\Anaconda3;D:\Anaconda3\Scripts;D:\Anaconda3\Library\bin;D:\Program Files (x86)\Skype\Phone\;C:\Program Files\Intel\WiFi\bin\;C:\Program Files\Common Files\Intel\WirelessCommon\
USERNAME=Travis Shao
OS=Windows_NT
PROCESSOR_IDENTIFIER=Intel64 Family 6 Model 78 Stepping 3, GenuineIntel



---------------  S Y S T E M  ---------------

OS: Windows 10.0 , 64 bit Build 10586 (10.0.10586.0)

CPU:total 4 (2 cores per cpu, 2 threads per core) family 6 model 78 stepping 3, cmov, cx8, fxsr, mmx, sse, sse2, sse3, ssse3, sse4.1, sse4.2, popcnt, avx, avx2, aes, clmul, erms, 3dnowpref, lzcnt, ht, tsc, tscinvbit, bmi1, bmi2, adx

Memory: 4k page, physical 8179560k(2919920k free), swap 9490280k(2805560k free)

vm_info: Java HotSpot(TM) 64-Bit Server VM (25.73-b02) for windows-amd64 JRE (1.8.0_73-b02), built on Jan 29 2016 17:38:49 by "java_re" with MS VC++ 10.0 (VS2010)

time: Wed Jun 15 14:06:13 2016
elapsed time: 22 seconds (0d 0h 0m 22s)

